{"/home/travis/build/npmtest/node-npmtest-qrcode/test.js":{"path":"/home/travis/build/npmtest/node-npmtest-qrcode/test.js","s":{"1":2,"2":2,"3":2,"4":2,"5":2,"6":2,"7":2,"8":1,"9":2,"10":2,"11":1,"12":1,"13":1,"14":1,"15":2,"16":2,"17":2,"18":2,"19":1,"20":1,"21":2,"22":2,"23":2,"24":1,"25":1,"26":1,"27":1,"28":1,"29":1,"30":1,"31":1,"32":1,"33":1,"34":1,"35":1,"36":1,"37":1,"38":1,"39":2,"40":2,"41":1,"42":2,"43":2,"44":1,"45":2,"46":2,"47":1,"48":2,"49":2,"50":1,"51":1,"52":1,"53":1,"54":1},"b":{"1":[2,1,1,1],"2":[1,1,1,1],"3":[1,1],"4":[1,1],"5":[1,1],"6":[1,1],"7":[1,1],"8":[1,1],"9":[1,1],"10":[1,1,1],"11":[1,1],"12":[1,1],"13":[1,1],"14":[1,1],"15":[1,1],"16":[1,1],"17":[1,1]},"f":{"1":2,"2":2,"3":2,"4":2,"5":2,"6":1,"7":1,"8":1,"9":2,"10":2,"11":2,"12":2,"13":1},"fnMap":{"1":{"name":"(anonymous_1)","line":12,"loc":{"start":{"line":12,"column":1},"end":{"line":12,"column":13}}},"2":{"name":"(anonymous_2)","line":19,"loc":{"start":{"line":19,"column":5},"end":{"line":19,"column":17}}},"3":{"name":"(anonymous_3)","line":23,"loc":{"start":{"line":23,"column":24},"end":{"line":23,"column":36}}},"4":{"name":"(anonymous_4)","line":61,"loc":{"start":{"line":61,"column":5},"end":{"line":61,"column":17}}},"5":{"name":"(anonymous_5)","line":82,"loc":{"start":{"line":82,"column":5},"end":{"line":82,"column":17}}},"6":{"name":"(anonymous_6)","line":91,"loc":{"start":{"line":91,"column":77},"end":{"line":94,"column":10}}},"7":{"name":"(anonymous_7)","line":112,"loc":{"start":{"line":112,"column":83},"end":{"line":115,"column":10}},"skip":true},"8":{"name":"(anonymous_8)","line":123,"loc":{"start":{"line":123,"column":77},"end":{"line":126,"column":10}},"skip":true},"9":{"name":"(anonymous_9)","line":139,"loc":{"start":{"line":139,"column":12},"end":{"line":139,"column":40}},"skip":true},"10":{"name":"(anonymous_10)","line":147,"loc":{"start":{"line":147,"column":77},"end":{"line":150,"column":10}},"skip":true},"11":{"name":"(anonymous_11)","line":158,"loc":{"start":{"line":158,"column":83},"end":{"line":161,"column":10}},"skip":true},"12":{"name":"(anonymous_12)","line":169,"loc":{"start":{"line":169,"column":79},"end":{"line":172,"column":10}},"skip":true},"13":{"name":"(anonymous_13)","line":180,"loc":{"start":{"line":180,"column":75},"end":{"line":183,"column":10}},"skip":true}},"statementMap":{"1":{"start":{"line":12,"column":0},"end":{"line":195,"column":5}},"2":{"start":{"line":14,"column":4},"end":{"line":14,"column":14}},"3":{"start":{"line":19,"column":4},"end":{"line":56,"column":9}},"4":{"start":{"line":21,"column":8},"end":{"line":21,"column":19}},"5":{"start":{"line":23,"column":8},"end":{"line":35,"column":13}},"6":{"start":{"line":24,"column":12},"end":{"line":34,"column":13}},"7":{"start":{"line":25,"column":16},"end":{"line":28,"column":30}},"8":{"start":{"line":30,"column":16},"end":{"line":33,"column":27}},"9":{"start":{"line":37,"column":8},"end":{"line":39,"column":21}},"10":{"start":{"line":40,"column":8},"end":{"line":53,"column":9}},"11":{"start":{"line":43,"column":12},"end":{"line":46,"column":14}},"12":{"start":{"line":47,"column":12},"end":{"line":47,"column":18}},"13":{"start":{"line":50,"column":12},"end":{"line":51,"column":46}},"14":{"start":{"line":52,"column":12},"end":{"line":52,"column":18}},"15":{"start":{"line":55,"column":8},"end":{"line":55,"column":35}},"16":{"start":{"line":61,"column":4},"end":{"line":63,"column":9}},"17":{"start":{"line":62,"column":8},"end":{"line":62,"column":15}},"18":{"start":{"line":64,"column":4},"end":{"line":77,"column":5}},"19":{"start":{"line":70,"column":8},"end":{"line":70,"column":14}},"20":{"start":{"line":76,"column":8},"end":{"line":76,"column":14}},"21":{"start":{"line":82,"column":4},"end":{"line":84,"column":9}},"22":{"start":{"line":83,"column":8},"end":{"line":83,"column":15}},"23":{"start":{"line":85,"column":4},"end":{"line":194,"column":5}},"24":{"start":{"line":91,"column":8},"end":{"line":99,"column":10}},"25":{"start":{"line":98,"column":12},"end":{"line":98,"column":35}},"26":{"start":{"line":102,"column":8},"end":{"line":104,"column":63}},"27":{"start":{"line":105,"column":8},"end":{"line":105,"column":14}},"28":{"start":{"line":112,"column":8},"end":{"line":121,"column":10},"skip":true},"29":{"start":{"line":119,"column":12},"end":{"line":119,"column":55},"skip":true},"30":{"start":{"line":120,"column":12},"end":{"line":120,"column":48},"skip":true},"31":{"start":{"line":123,"column":8},"end":{"line":136,"column":10},"skip":true},"32":{"start":{"line":130,"column":12},"end":{"line":130,"column":76},"skip":true},"33":{"start":{"line":131,"column":12},"end":{"line":131,"column":73},"skip":true},"34":{"start":{"line":132,"column":12},"end":{"line":132,"column":74},"skip":true},"35":{"start":{"line":133,"column":12},"end":{"line":133,"column":79},"skip":true},"36":{"start":{"line":134,"column":12},"end":{"line":134,"column":25},"skip":true},"37":{"start":{"line":135,"column":12},"end":{"line":135,"column":45},"skip":true},"38":{"start":{"line":138,"column":8},"end":{"line":145,"column":14},"skip":true},"39":{"start":{"line":143,"column":16},"end":{"line":143,"column":29},"skip":true},"40":{"start":{"line":144,"column":16},"end":{"line":144,"column":55},"skip":true},"41":{"start":{"line":147,"column":8},"end":{"line":156,"column":10},"skip":true},"42":{"start":{"line":154,"column":12},"end":{"line":154,"column":25},"skip":true},"43":{"start":{"line":155,"column":12},"end":{"line":155,"column":45},"skip":true},"44":{"start":{"line":158,"column":8},"end":{"line":167,"column":10},"skip":true},"45":{"start":{"line":165,"column":12},"end":{"line":165,"column":25},"skip":true},"46":{"start":{"line":166,"column":12},"end":{"line":166,"column":48},"skip":true},"47":{"start":{"line":169,"column":8},"end":{"line":178,"column":10},"skip":true},"48":{"start":{"line":176,"column":12},"end":{"line":176,"column":25},"skip":true},"49":{"start":{"line":177,"column":12},"end":{"line":177,"column":46},"skip":true},"50":{"start":{"line":180,"column":8},"end":{"line":189,"column":10},"skip":true},"51":{"start":{"line":187,"column":12},"end":{"line":187,"column":94},"skip":true},"52":{"start":{"line":188,"column":12},"end":{"line":188,"column":48},"skip":true},"53":{"start":{"line":192,"column":8},"end":{"line":192,"column":35},"skip":true},"54":{"start":{"line":193,"column":8},"end":{"line":193,"column":14},"skip":true}},"branchMap":{"1":{"line":25,"type":"binary-expr","locations":[{"start":{"line":25,"column":23},"end":{"line":25,"column":62}},{"start":{"line":26,"column":20},"end":{"line":26,"column":70}},{"start":{"line":27,"column":20},"end":{"line":27,"column":71}},{"start":{"line":28,"column":20},"end":{"line":28,"column":29}}]},"2":{"line":30,"type":"binary-expr","locations":[{"start":{"line":30,"column":23},"end":{"line":30,"column":37}},{"start":{"line":31,"column":20},"end":{"line":31,"column":61}},{"start":{"line":32,"column":20},"end":{"line":32,"column":70}},{"start":{"line":33,"column":20},"end":{"line":33,"column":26}}]},"3":{"line":37,"type":"cond-expr","locations":[{"start":{"line":38,"column":14},"end":{"line":38,"column":20}},{"start":{"line":39,"column":14},"end":{"line":39,"column":20}}]},"4":{"line":40,"type":"switch","locations":[{"start":{"line":42,"column":8},"end":{"line":47,"column":18}},{"start":{"line":49,"column":8},"end":{"line":52,"column":18}}]},"5":{"line":44,"type":"binary-expr","locations":[{"start":{"line":44,"column":16},"end":{"line":44,"column":44}},{"start":{"line":44,"column":48},"end":{"line":44,"column":66}}]},"6":{"line":50,"type":"binary-expr","locations":[{"start":{"line":50,"column":21},"end":{"line":50,"column":49}},{"start":{"line":50,"column":53},"end":{"line":50,"column":72}}]},"7":{"line":64,"type":"switch","locations":[{"start":{"line":69,"column":4},"end":{"line":70,"column":14}},{"start":{"line":75,"column":4},"end":{"line":76,"column":14}}]},"8":{"line":85,"type":"switch","locations":[{"start":{"line":90,"column":4},"end":{"line":105,"column":14}},{"start":{"line":111,"column":4},"end":{"line":193,"column":14},"skip":true}]},"9":{"line":91,"type":"binary-expr","locations":[{"start":{"line":91,"column":42},"end":{"line":91,"column":73}},{"start":{"line":91,"column":77},"end":{"line":99,"column":9}}]},"10":{"line":102,"type":"binary-expr","locations":[{"start":{"line":102,"column":18},"end":{"line":102,"column":32}},{"start":{"line":103,"column":12},"end":{"line":103,"column":53}},{"start":{"line":104,"column":12},"end":{"line":104,"column":61}}]},"11":{"line":112,"type":"binary-expr","locations":[{"start":{"line":112,"column":45},"end":{"line":112,"column":79},"skip":true},{"start":{"line":112,"column":83},"end":{"line":121,"column":9},"skip":true}]},"12":{"line":123,"type":"binary-expr","locations":[{"start":{"line":123,"column":42},"end":{"line":123,"column":73},"skip":true},{"start":{"line":123,"column":77},"end":{"line":136,"column":9},"skip":true}]},"13":{"line":138,"type":"binary-expr","locations":[{"start":{"line":138,"column":48},"end":{"line":138,"column":85},"skip":true},{"start":{"line":139,"column":12},"end":{"line":145,"column":13},"skip":true}]},"14":{"line":147,"type":"binary-expr","locations":[{"start":{"line":147,"column":42},"end":{"line":147,"column":73},"skip":true},{"start":{"line":147,"column":77},"end":{"line":156,"column":9},"skip":true}]},"15":{"line":158,"type":"binary-expr","locations":[{"start":{"line":158,"column":45},"end":{"line":158,"column":79},"skip":true},{"start":{"line":158,"column":83},"end":{"line":167,"column":9},"skip":true}]},"16":{"line":169,"type":"binary-expr","locations":[{"start":{"line":169,"column":43},"end":{"line":169,"column":75},"skip":true},{"start":{"line":169,"column":79},"end":{"line":178,"column":9},"skip":true}]},"17":{"line":180,"type":"binary-expr","locations":[{"start":{"line":180,"column":41},"end":{"line":180,"column":71},"skip":true},{"start":{"line":180,"column":75},"end":{"line":189,"column":9},"skip":true}]}},"code":["/* istanbul instrument in package npmtest_qrcode */","/*jslint","    bitwise: true,","    browser: true,","    maxerr: 8,","    maxlen: 96,","    node: true,","    nomen: true,","    regexp: true,","    stupid: true","*/","(function () {","    'use strict';","    var local;","","","","    // run shared js-env code - pre-init","    (function () {","        // init local","        local = {};","        // init modeJs","        local.modeJs = (function () {","            try {","                return typeof navigator.userAgent === 'string' &&","                    typeof document.querySelector('body') === 'object' &&","                    typeof XMLHttpRequest.prototype.open === 'function' &&","                    'browser';","            } catch (errorCaughtBrowser) {","                return module.exports &&","                    typeof process.versions.node === 'string' &&","                    typeof require('http').createServer === 'function' &&","                    'node';","            }","        }());","        // init global","        local.global = local.modeJs === 'browser'","            ? window","            : global;","        switch (local.modeJs) {","        // re-init local from window.local","        case 'browser':","            local = local.global.utility2.objectSetDefault(","                local.global.utility2_rollup || local.global.local,","                local.global.utility2","            );","            break;","        // re-init local from example.js","        case 'node':","            local = (local.global.utility2_rollup || require('utility2'))","                .requireExampleJsFromReadme();","            break;","        }","        // export local","        local.global.local = local;","    }());","","","","    // run shared js-env code - function","    (function () {","        return;","    }());","    switch (local.modeJs) {","","","","    // run browser js-env code - function","    case 'browser':","        break;","","","","    // run node js-env code - function","    case 'node':","        break;","    }","","","","    // run shared js-env code - post-init","    (function () {","        return;","    }());","    switch (local.modeJs) {","","","","    // run browser js-env code - post-init","    case 'browser':","        local.testCase_browser_nullCase = local.testCase_browser_nullCase || function (","            options,","            onError","        ) {","        /*","         * this function will test browsers's null-case handling-behavior-behavior","         */","            onError(null, options);","        };","","        // run tests","        local.nop(local.modeTest &&","            document.querySelector('#testRunButton1') &&","            document.querySelector('#testRunButton1').click());","        break;","","","","    // run node js-env code - post-init","    /* istanbul ignore next */","    case 'node':","        local.testCase_buildApidoc_default = local.testCase_buildApidoc_default || function (","            options,","            onError","        ) {","        /*","         * this function will test buildApidoc's default handling-behavior-behavior","         */","            options = { modulePathList: module.paths };","            local.buildApidoc(options, onError);","        };","","        local.testCase_buildApp_default = local.testCase_buildApp_default || function (","            options,","            onError","        ) {","        /*","         * this function will test buildApp's default handling-behavior-behavior","         */","            local.testCase_buildReadme_default(options, local.onErrorThrow);","            local.testCase_buildLib_default(options, local.onErrorThrow);","            local.testCase_buildTest_default(options, local.onErrorThrow);","            local.testCase_buildCustomOrg_default(options, local.onErrorThrow);","            options = [];","            local.buildApp(options, onError);","        };","","        local.testCase_buildCustomOrg_default = local.testCase_buildCustomOrg_default ||","            function (options, onError) {","            /*","             * this function will test buildCustomOrg's default handling-behavior","             */","                options = {};","                local.buildCustomOrg(options, onError);","            };","","        local.testCase_buildLib_default = local.testCase_buildLib_default || function (","            options,","            onError","        ) {","        /*","         * this function will test buildLib's default handling-behavior","         */","            options = {};","            local.buildLib(options, onError);","        };","","        local.testCase_buildReadme_default = local.testCase_buildReadme_default || function (","            options,","            onError","        ) {","        /*","         * this function will test buildReadme's default handling-behavior-behavior","         */","            options = {};","            local.buildReadme(options, onError);","        };","","        local.testCase_buildTest_default = local.testCase_buildTest_default || function (","            options,","            onError","        ) {","        /*","         * this function will test buildTest's default handling-behavior","         */","            options = {};","            local.buildTest(options, onError);","        };","","        local.testCase_webpage_default = local.testCase_webpage_default || function (","            options,","            onError","        ) {","        /*","         * this function will test webpage's default handling-behavior","         */","            options = { modeCoverageMerge: true, url: local.serverLocalHost + '?modeTest=1' };","            local.browserTest(options, onError);","        };","","        // run test-server","        local.testRunServer(local);","        break;","    }","}());",""],"l":{"12":2,"14":2,"19":2,"21":2,"23":2,"24":2,"25":2,"30":1,"37":2,"40":2,"43":1,"47":1,"50":1,"52":1,"55":2,"61":2,"62":2,"64":2,"70":1,"76":1,"82":2,"83":2,"85":2,"91":1,"98":1,"102":1,"105":1,"112":1,"119":1,"120":1,"123":1,"130":1,"131":1,"132":1,"133":1,"134":1,"135":1,"138":1,"143":2,"144":2,"147":1,"154":2,"155":2,"158":1,"165":2,"166":2,"169":1,"176":2,"177":2,"180":1,"187":1,"188":1,"192":1,"193":1}},"/home/travis/build/npmtest/node-npmtest-qrcode/lib.npmtest_qrcode.js":{"path":"/home/travis/build/npmtest/node-npmtest-qrcode/lib.npmtest_qrcode.js","s":{"1":2,"2":2,"3":2,"4":2,"5":2,"6":2,"7":2,"8":1,"9":2,"10":2,"11":2,"12":2,"13":1,"14":1,"15":1,"16":1},"b":{"1":[2,1,1,1],"2":[1,1,1,1],"3":[1,1],"4":[2,2],"5":[1,1]},"f":{"1":2,"2":2,"3":2},"fnMap":{"1":{"name":"(anonymous_1)","line":12,"loc":{"start":{"line":12,"column":1},"end":{"line":12,"column":13}}},"2":{"name":"(anonymous_2)","line":19,"loc":{"start":{"line":19,"column":5},"end":{"line":19,"column":17}}},"3":{"name":"(anonymous_3)","line":23,"loc":{"start":{"line":23,"column":24},"end":{"line":23,"column":36}}}},"statementMap":{"1":{"start":{"line":12,"column":0},"end":{"line":53,"column":5}},"2":{"start":{"line":14,"column":4},"end":{"line":14,"column":14}},"3":{"start":{"line":19,"column":4},"end":{"line":52,"column":9}},"4":{"start":{"line":21,"column":8},"end":{"line":21,"column":19}},"5":{"start":{"line":23,"column":8},"end":{"line":35,"column":13}},"6":{"start":{"line":24,"column":12},"end":{"line":34,"column":13}},"7":{"start":{"line":25,"column":16},"end":{"line":28,"column":30}},"8":{"start":{"line":30,"column":16},"end":{"line":33,"column":27}},"9":{"start":{"line":37,"column":8},"end":{"line":39,"column":21}},"10":{"start":{"line":41,"column":8},"end":{"line":41,"column":54}},"11":{"start":{"line":43,"column":8},"end":{"line":43,"column":51}},"12":{"start":{"line":45,"column":8},"end":{"line":51,"column":9}},"13":{"start":{"line":46,"column":12},"end":{"line":46,"column":57}},"14":{"start":{"line":48,"column":12},"end":{"line":48,"column":35}},"15":{"start":{"line":49,"column":12},"end":{"line":49,"column":49}},"16":{"start":{"line":50,"column":12},"end":{"line":50,"column":43}}},"branchMap":{"1":{"line":25,"type":"binary-expr","locations":[{"start":{"line":25,"column":23},"end":{"line":25,"column":62}},{"start":{"line":26,"column":20},"end":{"line":26,"column":70}},{"start":{"line":27,"column":20},"end":{"line":27,"column":71}},{"start":{"line":28,"column":20},"end":{"line":28,"column":29}}]},"2":{"line":30,"type":"binary-expr","locations":[{"start":{"line":30,"column":23},"end":{"line":30,"column":37}},{"start":{"line":31,"column":20},"end":{"line":31,"column":61}},{"start":{"line":32,"column":20},"end":{"line":32,"column":70}},{"start":{"line":33,"column":20},"end":{"line":33,"column":26}}]},"3":{"line":37,"type":"cond-expr","locations":[{"start":{"line":38,"column":14},"end":{"line":38,"column":20}},{"start":{"line":39,"column":14},"end":{"line":39,"column":20}}]},"4":{"line":41,"type":"binary-expr","locations":[{"start":{"line":41,"column":16},"end":{"line":41,"column":44}},{"start":{"line":41,"column":48},"end":{"line":41,"column":53}}]},"5":{"line":45,"type":"if","locations":[{"start":{"line":45,"column":8},"end":{"line":45,"column":8}},{"start":{"line":45,"column":8},"end":{"line":45,"column":8}}]}},"code":["/* istanbul instrument in package npmtest_qrcode */","/*jslint","    bitwise: true,","    browser: true,","    maxerr: 8,","    maxlen: 96,","    node: true,","    nomen: true,","    regexp: true,","    stupid: true","*/","(function () {","    'use strict';","    var local;","","","","    // run shared js-env code - pre-init","    (function () {","        // init local","        local = {};","        // init modeJs","        local.modeJs = (function () {","            try {","                return typeof navigator.userAgent === 'string' &&","                    typeof document.querySelector('body') === 'object' &&","                    typeof XMLHttpRequest.prototype.open === 'function' &&","                    'browser';","            } catch (errorCaughtBrowser) {","                return module.exports &&","                    typeof process.versions.node === 'string' &&","                    typeof require('http').createServer === 'function' &&","                    'node';","            }","        }());","        // init global","        local.global = local.modeJs === 'browser'","            ? window","            : global;","        // init utility2_rollup","        local = local.global.utility2_rollup || local;","        // init lib","        local.local = local.npmtest_qrcode = local;","        // init exports","        if (local.modeJs === 'browser') {","            local.global.utility2_npmtest_qrcode = local;","        } else {","            module.exports = local;","            module.exports.__dirname = __dirname;","            module.exports.module = module;","        }","    }());","}());",""],"l":{"12":2,"14":2,"19":2,"21":2,"23":2,"24":2,"25":2,"30":1,"37":2,"41":2,"43":2,"45":2,"46":1,"48":1,"49":1,"50":1}},"/home/travis/build/npmtest/node-npmtest-qrcode/example.js":{"path":"/home/travis/build/npmtest/node-npmtest-qrcode/example.js","s":{"1":2,"2":2,"3":2,"4":2,"5":2,"6":2,"7":2,"8":1,"9":2,"10":2,"11":2,"12":2,"13":1,"14":2,"15":2,"16":2,"17":2,"18":2,"19":0,"20":2,"21":1,"22":1,"23":1,"24":1,"25":1,"26":0,"27":0,"28":1,"29":1,"30":2,"31":0,"32":0,"33":0,"34":1,"35":2,"36":2,"37":3,"38":3,"39":3,"40":3,"41":0,"42":3,"43":3,"44":3,"45":1,"46":3,"47":1,"48":1,"49":1,"50":1,"51":1,"52":1,"53":1,"54":1,"55":1,"56":1,"57":0,"58":1,"59":6,"60":6,"61":1,"62":2,"63":0,"64":2,"65":1,"66":1,"67":0,"68":0,"69":0,"70":0,"71":0,"72":0,"73":0,"74":0,"75":0,"76":0,"77":0,"78":0,"79":0,"80":0,"81":0,"82":0,"83":0},"b":{"1":[2,1,1,1],"2":[1,1,1,1],"3":[1,1],"4":[2,2],"5":[1,1],"6":[1,1],"7":[2,0],"8":[2,1,1,1,1,1],"9":[0,2,0],"10":[1,1],"11":[2,1,1],"12":[1,0],"13":[0,2],"14":[2,0,0,0,0,0,0],"15":[0,3],"16":[3,0],"17":[1,1],"18":[0,1],"19":[1,2,0,2],"20":[1,0],"21":[1,1],"22":[0,0],"23":[0,0],"24":[0,0],"25":[0,0],"26":[0,0],"27":[0,0],"28":[0,0]},"f":{"1":2,"2":2,"3":2,"4":2,"5":2,"6":2,"7":3,"8":3,"9":3,"10":1,"11":6,"12":0},"fnMap":{"1":{"name":"(anonymous_1)","line":26,"loc":{"start":{"line":26,"column":1},"end":{"line":26,"column":13}}},"2":{"name":"(anonymous_2)","line":33,"loc":{"start":{"line":33,"column":5},"end":{"line":33,"column":17}}},"3":{"name":"(anonymous_3)","line":37,"loc":{"start":{"line":37,"column":24},"end":{"line":37,"column":36}}},"4":{"name":"(anonymous_4)","line":69,"loc":{"start":{"line":69,"column":31},"end":{"line":69,"column":48}},"skip":true},"5":{"name":"(anonymous_5)","line":78,"loc":{"start":{"line":78,"column":26},"end":{"line":78,"column":45}},"skip":true},"6":{"name":"(anonymous_6)","line":123,"loc":{"start":{"line":123,"column":33},"end":{"line":123,"column":48}},"skip":true},"7":{"name":"(anonymous_7)","line":125,"loc":{"start":{"line":125,"column":27},"end":{"line":125,"column":39}},"skip":true},"8":{"name":"(anonymous_8)","line":133,"loc":{"start":{"line":133,"column":59},"end":{"line":133,"column":74}},"skip":true},"9":{"name":"(anonymous_9)","line":143,"loc":{"start":{"line":143,"column":45},"end":{"line":143,"column":62}},"skip":true},"10":{"name":"(anonymous_10)","line":144,"loc":{"start":{"line":144,"column":73},"end":{"line":144,"column":92}},"skip":true},"11":{"name":"(anonymous_11)","line":272,"loc":{"start":{"line":272,"column":51},"end":{"line":272,"column":77}},"skip":true},"12":{"name":"(anonymous_12)","line":315,"loc":{"start":{"line":315,"column":32},"end":{"line":315,"column":61}},"skip":true}},"statementMap":{"1":{"start":{"line":26,"column":0},"end":{"line":326,"column":5}},"2":{"start":{"line":28,"column":4},"end":{"line":28,"column":14}},"3":{"start":{"line":33,"column":4},"end":{"line":60,"column":9}},"4":{"start":{"line":35,"column":8},"end":{"line":35,"column":19}},"5":{"start":{"line":37,"column":8},"end":{"line":49,"column":13}},"6":{"start":{"line":38,"column":12},"end":{"line":48,"column":13}},"7":{"start":{"line":39,"column":16},"end":{"line":42,"column":30}},"8":{"start":{"line":44,"column":16},"end":{"line":47,"column":27}},"9":{"start":{"line":51,"column":8},"end":{"line":53,"column":21}},"10":{"start":{"line":55,"column":8},"end":{"line":57,"column":45}},"11":{"start":{"line":59,"column":8},"end":{"line":59,"column":35}},"12":{"start":{"line":61,"column":4},"end":{"line":325,"column":5}},"13":{"start":{"line":69,"column":8},"end":{"line":121,"column":10},"skip":true},"14":{"start":{"line":70,"column":12},"end":{"line":88,"column":13},"skip":true},"15":{"start":{"line":76,"column":16},"end":{"line":87,"column":19},"skip":true},"16":{"start":{"line":79,"column":20},"end":{"line":86,"column":21},"skip":true},"17":{"start":{"line":82,"column":24},"end":{"line":82,"column":43},"skip":true},"18":{"start":{"line":83,"column":24},"end":{"line":83,"column":30},"skip":true},"19":{"start":{"line":85,"column":24},"end":{"line":85,"column":49},"skip":true},"20":{"start":{"line":89,"column":12},"end":{"line":107,"column":13},"skip":true},"21":{"start":{"line":92,"column":16},"end":{"line":102,"column":17},"skip":true},"22":{"start":{"line":93,"column":20},"end":{"line":93,"column":86},"skip":true},"23":{"start":{"line":94,"column":20},"end":{"line":95,"column":45},"skip":true},"24":{"start":{"line":96,"column":20},"end":{"line":96,"column":42},"skip":true},"25":{"start":{"line":97,"column":20},"end":{"line":97,"column":48},"skip":true},"26":{"start":{"line":100,"column":20},"end":{"line":100,"column":85},"skip":true},"27":{"start":{"line":101,"column":20},"end":{"line":101,"column":96},"skip":true},"28":{"start":{"line":103,"column":16},"end":{"line":103,"column":22},"skip":true},"29":{"start":{"line":106,"column":16},"end":{"line":106,"column":22},"skip":true},"30":{"start":{"line":108,"column":12},"end":{"line":120,"column":13},"skip":true},"31":{"start":{"line":114,"column":16},"end":{"line":119,"column":17},"skip":true},"32":{"start":{"line":116,"column":20},"end":{"line":116,"column":78},"skip":true},"33":{"start":{"line":118,"column":20},"end":{"line":118,"column":47},"skip":true},"34":{"start":{"line":123,"column":8},"end":{"line":141,"column":11},"skip":true},"35":{"start":{"line":124,"column":12},"end":{"line":124,"column":54},"skip":true},"36":{"start":{"line":125,"column":12},"end":{"line":140,"column":14},"skip":true},"37":{"start":{"line":126,"column":16},"end":{"line":126,"column":28},"skip":true},"38":{"start":{"line":127,"column":16},"end":{"line":127,"column":69},"skip":true},"39":{"start":{"line":128,"column":16},"end":{"line":128,"column":75},"skip":true},"40":{"start":{"line":129,"column":16},"end":{"line":131,"column":17},"skip":true},"41":{"start":{"line":130,"column":20},"end":{"line":130,"column":27},"skip":true},"42":{"start":{"line":133,"column":16},"end":{"line":137,"column":36},"skip":true},"43":{"start":{"line":134,"column":20},"end":{"line":136,"column":55},"skip":true},"44":{"start":{"line":139,"column":16},"end":{"line":139,"column":57},"skip":true},"45":{"start":{"line":143,"column":8},"end":{"line":147,"column":11},"skip":true},"46":{"start":{"line":144,"column":12},"end":{"line":146,"column":15},"skip":true},"47":{"start":{"line":145,"column":16},"end":{"line":145,"column":70},"skip":true},"48":{"start":{"line":149,"column":8},"end":{"line":149,"column":31},"skip":true},"49":{"start":{"line":150,"column":8},"end":{"line":150,"column":14},"skip":true},"50":{"start":{"line":158,"column":8},"end":{"line":158,"column":31},"skip":true},"51":{"start":{"line":160,"column":8},"end":{"line":160,"column":33},"skip":true},"52":{"start":{"line":161,"column":8},"end":{"line":161,"column":37},"skip":true},"53":{"start":{"line":162,"column":8},"end":{"line":162,"column":35},"skip":true},"54":{"start":{"line":164,"column":8},"end":{"line":164,"column":50},"skip":true},"55":{"start":{"line":166,"column":8},"end":{"line":256,"column":2},"skip":true},"56":{"start":{"line":258,"column":8},"end":{"line":286,"column":9},"skip":true},"57":{"start":{"line":259,"column":12},"end":{"line":269,"column":14},"skip":true},"58":{"start":{"line":271,"column":12},"end":{"line":285,"column":19},"skip":true},"59":{"start":{"line":274,"column":20},"end":{"line":274,"column":35},"skip":true},"60":{"start":{"line":275,"column":20},"end":{"line":284,"column":21},"skip":true},"61":{"start":{"line":277,"column":24},"end":{"line":277,"column":64},"skip":true},"62":{"start":{"line":279,"column":24},"end":{"line":279,"column":40},"skip":true},"63":{"start":{"line":281,"column":24},"end":{"line":281,"column":40},"skip":true},"64":{"start":{"line":283,"column":24},"end":{"line":283,"column":39},"skip":true},"65":{"start":{"line":288,"column":8},"end":{"line":290,"column":9},"skip":true},"66":{"start":{"line":289,"column":12},"end":{"line":289,"column":18},"skip":true},"67":{"start":{"line":291,"column":8},"end":{"line":293,"column":54},"skip":true},"68":{"start":{"line":296,"column":8},"end":{"line":301,"column":37},"skip":true},"69":{"start":{"line":303,"column":8},"end":{"line":303,"column":82},"skip":true},"70":{"start":{"line":306,"column":8},"end":{"line":308,"column":9},"skip":true},"71":{"start":{"line":307,"column":12},"end":{"line":307,"column":82},"skip":true},"72":{"start":{"line":310,"column":8},"end":{"line":312,"column":9},"skip":true},"73":{"start":{"line":311,"column":12},"end":{"line":311,"column":18},"skip":true},"74":{"start":{"line":313,"column":8},"end":{"line":313,"column":54},"skip":true},"75":{"start":{"line":314,"column":8},"end":{"line":314,"column":69},"skip":true},"76":{"start":{"line":315,"column":8},"end":{"line":323,"column":36},"skip":true},"77":{"start":{"line":316,"column":12},"end":{"line":316,"column":61},"skip":true},"78":{"start":{"line":317,"column":12},"end":{"line":320,"column":13},"skip":true},"79":{"start":{"line":318,"column":16},"end":{"line":318,"column":75},"skip":true},"80":{"start":{"line":319,"column":16},"end":{"line":319,"column":23},"skip":true},"81":{"start":{"line":321,"column":12},"end":{"line":321,"column":38},"skip":true},"82":{"start":{"line":322,"column":12},"end":{"line":322,"column":27},"skip":true},"83":{"start":{"line":324,"column":8},"end":{"line":324,"column":14},"skip":true}},"branchMap":{"1":{"line":39,"type":"binary-expr","locations":[{"start":{"line":39,"column":23},"end":{"line":39,"column":62}},{"start":{"line":40,"column":20},"end":{"line":40,"column":70}},{"start":{"line":41,"column":20},"end":{"line":41,"column":71}},{"start":{"line":42,"column":20},"end":{"line":42,"column":29}}]},"2":{"line":44,"type":"binary-expr","locations":[{"start":{"line":44,"column":23},"end":{"line":44,"column":37}},{"start":{"line":45,"column":20},"end":{"line":45,"column":61}},{"start":{"line":46,"column":20},"end":{"line":46,"column":70}},{"start":{"line":47,"column":20},"end":{"line":47,"column":26}}]},"3":{"line":51,"type":"cond-expr","locations":[{"start":{"line":52,"column":14},"end":{"line":52,"column":20}},{"start":{"line":53,"column":14},"end":{"line":53,"column":20}}]},"4":{"line":55,"type":"binary-expr","locations":[{"start":{"line":55,"column":16},"end":{"line":55,"column":44}},{"start":{"line":55,"column":49},"end":{"line":57,"column":43}}]},"5":{"line":55,"type":"cond-expr","locations":[{"start":{"line":56,"column":14},"end":{"line":56,"column":50}},{"start":{"line":57,"column":14},"end":{"line":57,"column":43}}]},"6":{"line":61,"type":"switch","locations":[{"start":{"line":68,"column":4},"end":{"line":150,"column":14},"skip":true},{"start":{"line":156,"column":4},"end":{"line":324,"column":14},"skip":true}]},"7":{"line":70,"type":"if","locations":[{"start":{"line":70,"column":12},"end":{"line":70,"column":12},"skip":true},{"start":{"line":70,"column":12},"end":{"line":70,"column":12},"skip":true}]},"8":{"line":70,"type":"binary-expr","locations":[{"start":{"line":70,"column":16},"end":{"line":70,"column":22},"skip":true},{"start":{"line":70,"column":27},"end":{"line":70,"column":32},"skip":true},{"start":{"line":71,"column":20},"end":{"line":71,"column":39},"skip":true},{"start":{"line":72,"column":20},"end":{"line":72,"column":49},"skip":true},{"start":{"line":73,"column":20},"end":{"line":73,"column":58},"skip":true},{"start":{"line":74,"column":20},"end":{"line":74,"column":69},"skip":true}]},"9":{"line":79,"type":"switch","locations":[{"start":{"line":80,"column":20},"end":{"line":80,"column":33},"skip":true},{"start":{"line":81,"column":20},"end":{"line":83,"column":30},"skip":true},{"start":{"line":84,"column":20},"end":{"line":85,"column":49},"skip":true}]},"10":{"line":89,"type":"switch","locations":[{"start":{"line":90,"column":12},"end":{"line":103,"column":22},"skip":true},{"start":{"line":105,"column":12},"end":{"line":106,"column":22},"skip":true}]},"11":{"line":89,"type":"binary-expr","locations":[{"start":{"line":89,"column":20},"end":{"line":89,"column":25},"skip":true},{"start":{"line":89,"column":29},"end":{"line":89,"column":48},"skip":true},{"start":{"line":89,"column":52},"end":{"line":89,"column":74},"skip":true}]},"12":{"line":92,"type":"if","locations":[{"start":{"line":92,"column":16},"end":{"line":92,"column":16},"skip":true},{"start":{"line":92,"column":16},"end":{"line":92,"column":16},"skip":true}]},"13":{"line":108,"type":"if","locations":[{"start":{"line":108,"column":12},"end":{"line":108,"column":12},"skip":true},{"start":{"line":108,"column":12},"end":{"line":108,"column":12},"skip":true}]},"14":{"line":108,"type":"binary-expr","locations":[{"start":{"line":108,"column":16},"end":{"line":108,"column":61},"skip":true},{"start":{"line":108,"column":66},"end":{"line":108,"column":72},"skip":true},{"start":{"line":108,"column":77},"end":{"line":108,"column":82},"skip":true},{"start":{"line":109,"column":20},"end":{"line":109,"column":39},"skip":true},{"start":{"line":110,"column":20},"end":{"line":110,"column":49},"skip":true},{"start":{"line":111,"column":20},"end":{"line":111,"column":58},"skip":true},{"start":{"line":112,"column":20},"end":{"line":112,"column":68},"skip":true}]},"15":{"line":129,"type":"if","locations":[{"start":{"line":129,"column":16},"end":{"line":129,"column":16},"skip":true},{"start":{"line":129,"column":16},"end":{"line":129,"column":16},"skip":true}]},"16":{"line":134,"type":"cond-expr","locations":[{"start":{"line":135,"column":26},"end":{"line":135,"column":29},"skip":true},{"start":{"line":136,"column":26},"end":{"line":136,"column":54},"skip":true}]},"17":{"line":164,"type":"binary-expr","locations":[{"start":{"line":164,"column":27},"end":{"line":164,"column":43},"skip":true},{"start":{"line":164,"column":47},"end":{"line":164,"column":49},"skip":true}]},"18":{"line":258,"type":"if","locations":[{"start":{"line":258,"column":8},"end":{"line":258,"column":8},"skip":true},{"start":{"line":258,"column":8},"end":{"line":258,"column":8},"skip":true}]},"19":{"line":275,"type":"switch","locations":[{"start":{"line":276,"column":20},"end":{"line":277,"column":64},"skip":true},{"start":{"line":278,"column":20},"end":{"line":279,"column":40},"skip":true},{"start":{"line":280,"column":20},"end":{"line":281,"column":40},"skip":true},{"start":{"line":282,"column":20},"end":{"line":283,"column":39},"skip":true}]},"20":{"line":288,"type":"if","locations":[{"start":{"line":288,"column":8},"end":{"line":288,"column":8},"skip":true},{"start":{"line":288,"column":8},"end":{"line":288,"column":8},"skip":true}]},"21":{"line":288,"type":"binary-expr","locations":[{"start":{"line":288,"column":12},"end":{"line":288,"column":40},"skip":true},{"start":{"line":288,"column":44},"end":{"line":288,"column":67},"skip":true}]},"22":{"line":292,"type":"binary-expr","locations":[{"start":{"line":292,"column":12},"end":{"line":292,"column":50},"skip":true},{"start":{"line":293,"column":12},"end":{"line":293,"column":53},"skip":true}]},"23":{"line":297,"type":"binary-expr","locations":[{"start":{"line":297,"column":12},"end":{"line":297,"column":64},"skip":true},{"start":{"line":298,"column":12},"end":{"line":301,"column":36},"skip":true}]},"24":{"line":303,"type":"binary-expr","locations":[{"start":{"line":303,"column":43},"end":{"line":303,"column":75},"skip":true},{"start":{"line":303,"column":79},"end":{"line":303,"column":81},"skip":true}]},"25":{"line":306,"type":"if","locations":[{"start":{"line":306,"column":8},"end":{"line":306,"column":8},"skip":true},{"start":{"line":306,"column":8},"end":{"line":306,"column":8},"skip":true}]},"26":{"line":310,"type":"if","locations":[{"start":{"line":310,"column":8},"end":{"line":310,"column":8},"skip":true},{"start":{"line":310,"column":8},"end":{"line":310,"column":8},"skip":true}]},"27":{"line":313,"type":"binary-expr","locations":[{"start":{"line":313,"column":27},"end":{"line":313,"column":43},"skip":true},{"start":{"line":313,"column":47},"end":{"line":313,"column":53},"skip":true}]},"28":{"line":317,"type":"if","locations":[{"start":{"line":317,"column":12},"end":{"line":317,"column":12},"skip":true},{"start":{"line":317,"column":12},"end":{"line":317,"column":12},"skip":true}]}},"code":["/*","example.js","","quickstart example","","instruction","    1. save this script as example.js","    2. run the shell command:","        $ npm install npmtest-qrcode && PORT=8081 node example.js","    3. play with the browser-demo on http://127.0.0.1:8081","*/","","","","/* istanbul instrument in package npmtest_qrcode */","/*jslint","    bitwise: true,","    browser: true,","    maxerr: 8,","    maxlen: 96,","    node: true,","    nomen: true,","    regexp: true,","    stupid: true","*/","(function () {","    'use strict';","    var local;","","","","    // run shared js-env code - pre-init","    (function () {","        // init local","        local = {};","        // init modeJs","        local.modeJs = (function () {","            try {","                return typeof navigator.userAgent === 'string' &&","                    typeof document.querySelector('body') === 'object' &&","                    typeof XMLHttpRequest.prototype.open === 'function' &&","                    'browser';","            } catch (errorCaughtBrowser) {","                return module.exports &&","                    typeof process.versions.node === 'string' &&","                    typeof require('http').createServer === 'function' &&","                    'node';","            }","        }());","        // init global","        local.global = local.modeJs === 'browser'","            ? window","            : global;","        // init utility2_rollup","        local = local.global.utility2_rollup || (local.modeJs === 'browser'","            ? local.global.utility2_npmtest_qrcode","            : global.utility2_moduleExports);","        // export local","        local.global.local = local;","    }());","    switch (local.modeJs) {","","","","    // post-init","    // run browser js-env code - post-init","    /* istanbul ignore next */","    case 'browser':","        local.testRunBrowser = function (event) {","            if (!event || (event &&","                    event.currentTarget &&","                    event.currentTarget.className &&","                    event.currentTarget.className.includes &&","                    event.currentTarget.className.includes('onreset'))) {","                // reset output","                Array.from(","                    document.querySelectorAll('body > .resettable')","                ).forEach(function (element) {","                    switch (element.tagName) {","                    case 'INPUT':","                    case 'TEXTAREA':","                        element.value = '';","                        break;","                    default:","                        element.textContent = '';","                    }","                });","            }","            switch (event && event.currentTarget && event.currentTarget.id) {","            case 'testRunButton1':","                // show tests","                if (document.querySelector('#testReportDiv1').style.display === 'none') {","                    document.querySelector('#testReportDiv1').style.display = 'block';","                    document.querySelector('#testRunButton1').textContent =","                        'hide internal test';","                    local.modeTest = true;","                    local.testRunDefault(local);","                // hide tests","                } else {","                    document.querySelector('#testReportDiv1').style.display = 'none';","                    document.querySelector('#testRunButton1').textContent = 'run internal test';","                }","                break;","            // custom-case","            default:","                break;","            }","            if (document.querySelector('#inputTextareaEval1') && (!event || (event &&","                    event.currentTarget &&","                    event.currentTarget.className &&","                    event.currentTarget.className.includes &&","                    event.currentTarget.className.includes('oneval')))) {","                // try to eval input-code","                try {","                    /*jslint evil: true*/","                    eval(document.querySelector('#inputTextareaEval1').value);","                } catch (errorCaught) {","                    console.error(errorCaught);","                }","            }","        };","        // log stderr and stdout to #outputTextareaStdout1","        ['error', 'log'].forEach(function (key) {","            console[key + '_original'] = console[key];","            console[key] = function () {","                var element;","                console[key + '_original'].apply(console, arguments);","                element = document.querySelector('#outputTextareaStdout1');","                if (!element) {","                    return;","                }","                // append text to #outputTextareaStdout1","                element.value += Array.from(arguments).map(function (arg) {","                    return typeof arg === 'string'","                        ? arg","                        : JSON.stringify(arg, null, 4);","                }).join(' ') + '\\n';","                // scroll textarea to bottom","                element.scrollTop = element.scrollHeight;","            };","        });","        // init event-handling","        ['change', 'click', 'keyup'].forEach(function (event) {","            Array.from(document.querySelectorAll('.on' + event)).forEach(function (element) {","                element.addEventListener(event, local.testRunBrowser);","            });","        });","        // run tests","        local.testRunBrowser();","        break;","","","","    // run node js-env code - post-init","    /* istanbul ignore next */","    case 'node':","        // export local","        module.exports = local;","        // require modules","        local.fs = require('fs');","        local.http = require('http');","        local.url = require('url');","        // init assets","        local.assetsDict = local.assetsDict || {};","        /* jslint-ignore-begin */","        local.assetsDict['/assets.index.template.html'] = '\\","<!doctype html>\\n\\","<html lang=\"en\">\\n\\","<head>\\n\\","<meta charset=\"UTF-8\">\\n\\","<meta name=\"viewport\" content=\"width=device-width, initial-scale=1\">\\n\\","<title>{{env.npm_package_name}} (v{{env.npm_package_version}})</title>\\n\\","<style>\\n\\","/*csslint\\n\\","    box-sizing: false,\\n\\","    universal-selector: false\\n\\","*/\\n\\","* {\\n\\","    box-sizing: border-box;\\n\\","}\\n\\","body {\\n\\","    background: #dde;\\n\\","    font-family: Arial, Helvetica, sans-serif;\\n\\","    margin: 2rem;\\n\\","}\\n\\","body > * {\\n\\","    margin-bottom: 1rem;\\n\\","}\\n\\",".utility2FooterDiv {\\n\\","    margin-top: 20px;\\n\\","    text-align: center;\\n\\","}\\n\\","</style>\\n\\","<style>\\n\\","/*csslint\\n\\","*/\\n\\","textarea {\\n\\","    font-family: monospace;\\n\\","    height: 10rem;\\n\\","    width: 100%;\\n\\","}\\n\\","textarea[readonly] {\\n\\","    background: #ddd;\\n\\","}\\n\\","</style>\\n\\","</head>\\n\\","<body>\\n\\","<!-- utility2-comment\\n\\","<div id=\"ajaxProgressDiv1\" style=\"background: #d00; height: 2px; left: 0; margin: 0; padding: 0; position: fixed; top: 0; transition: background 0.5s, width 1.5s; width: 25%;\"></div>\\n\\","utility2-comment -->\\n\\","<h1>\\n\\","<!-- utility2-comment\\n\\","    <a\\n\\","        {{#if env.npm_package_homepage}}\\n\\","        href=\"{{env.npm_package_homepage}}\"\\n\\","        {{/if env.npm_package_homepage}}\\n\\","        target=\"_blank\"\\n\\","    >\\n\\","utility2-comment -->\\n\\","        {{env.npm_package_name}} (v{{env.npm_package_version}})\\n\\","<!-- utility2-comment\\n\\","    </a>\\n\\","utility2-comment -->\\n\\","</h1>\\n\\","<h3>{{env.npm_package_description}}</h3>\\n\\","<!-- utility2-comment\\n\\","<h4><a download href=\"assets.app.js\">download standalone app</a></h4>\\n\\","<button class=\"onclick onreset\" id=\"testRunButton1\">run internal test</button><br>\\n\\","<div id=\"testReportDiv1\" style=\"display: none;\"></div>\\n\\","utility2-comment -->\\n\\","\\n\\","\\n\\","\\n\\","<label>stderr and stdout</label>\\n\\","<textarea class=\"resettable\" id=\"outputTextareaStdout1\" readonly></textarea>\\n\\","<!-- utility2-comment\\n\\","{{#if isRollup}}\\n\\","<script src=\"assets.app.js\"></script>\\n\\","{{#unless isRollup}}\\n\\","utility2-comment -->\\n\\","<script src=\"assets.utility2.rollup.js\"></script>\\n\\","<script src=\"jsonp.utility2._stateInit?callback=window.utility2._stateInit\"></script>\\n\\","<script src=\"assets.npmtest_qrcode.rollup.js\"></script>\\n\\","<script src=\"assets.example.js\"></script>\\n\\","<script src=\"assets.test.js\"></script>\\n\\","<!-- utility2-comment\\n\\","{{/if isRollup}}\\n\\","utility2-comment -->\\n\\","<div class=\"utility2FooterDiv\">\\n\\","    [ this app was created with\\n\\","    <a href=\"https://github.com/kaizhu256/node-utility2\" target=\"_blank\">utility2</a>\\n\\","    ]\\n\\","</div>\\n\\","</body>\\n\\","</html>\\n\\","';","        /* jslint-ignore-end */","        if (local.templateRender) {","            local.assetsDict['/'] = local.templateRender(","                local.assetsDict['/assets.index.template.html'],","                {","                    env: local.objectSetDefault(local.env, {","                        npm_package_description: 'the greatest app in the world!',","                        npm_package_name: 'my-app',","                        npm_package_nameAlias: 'my_app',","                        npm_package_version: '0.0.1'","                    })","                }","            );","        } else {","            local.assetsDict['/'] = local.assetsDict['/assets.index.template.html']","                .replace((/\\{\\{env\\.(\\w+?)\\}\\}/g), function (match0, match1) {","                    // jslint-hack","                    String(match0);","                    switch (match1) {","                    case 'npm_package_description':","                        return 'the greatest app in the world!';","                    case 'npm_package_name':","                        return 'my-app';","                    case 'npm_package_nameAlias':","                        return 'my_app';","                    case 'npm_package_version':","                        return '0.0.1';","                    }","                });","        }","        // run the cli","        if (local.global.utility2_rollup || module !== require.main) {","            break;","        }","        local.assetsDict['/assets.example.js'] =","            local.assetsDict['/assets.example.js'] ||","            local.fs.readFileSync(__filename, 'utf8');","        // bug-workaround - long $npm_package_buildCustomOrg","        /* jslint-ignore-begin */","        local.assetsDict['/assets.npmtest_qrcode.rollup.js'] =","            local.assetsDict['/assets.npmtest_qrcode.rollup.js'] ||","            local.fs.readFileSync(","                local.npmtest_qrcode.__dirname + '/lib.npmtest_qrcode.js',","                'utf8'","            ).replace((/^#!/), '//');","        /* jslint-ignore-end */","        local.assetsDict['/favicon.ico'] = local.assetsDict['/favicon.ico'] || '';","        // if $npm_config_timeout_exit exists,","        // then exit this process after $npm_config_timeout_exit ms","        if (Number(process.env.npm_config_timeout_exit)) {","            setTimeout(process.exit, Number(process.env.npm_config_timeout_exit));","        }","        // start server","        if (local.global.utility2_serverHttp1) {","            break;","        }","        process.env.PORT = process.env.PORT || '8081';","        console.error('server starting on port ' + process.env.PORT);","        local.http.createServer(function (request, response) {","            request.urlParsed = local.url.parse(request.url);","            if (local.assetsDict[request.urlParsed.pathname] !== undefined) {","                response.end(local.assetsDict[request.urlParsed.pathname]);","                return;","            }","            response.statusCode = 404;","            response.end();","        }).listen(process.env.PORT);","        break;","    }","}());",""],"l":{"26":2,"28":2,"33":2,"35":2,"37":2,"38":2,"39":2,"44":1,"51":2,"55":2,"59":2,"61":2,"69":1,"70":2,"76":2,"79":2,"82":2,"83":2,"85":1,"89":2,"92":1,"93":1,"94":1,"96":1,"97":1,"100":1,"101":1,"103":1,"106":1,"108":2,"114":1,"116":1,"118":1,"123":1,"124":2,"125":2,"126":3,"127":3,"128":3,"129":3,"130":1,"133":3,"134":3,"139":3,"143":1,"144":3,"145":1,"149":1,"150":1,"158":1,"160":1,"161":1,"162":1,"164":1,"166":1,"258":1,"259":1,"271":1,"274":6,"275":6,"277":1,"279":2,"281":1,"283":2,"288":1,"289":1,"291":1,"296":1,"303":1,"306":1,"307":1,"310":1,"311":1,"313":1,"314":1,"315":1,"316":1,"317":1,"318":1,"319":1,"321":1,"322":1,"324":1}},"/home/travis/build/npmtest/node-npmtest-qrcode/node_modules/qrcode/lib/index.js":{"path":"/home/travis/build/npmtest/node-npmtest-qrcode/node_modules/qrcode/lib/index.js","s":{"1":1},"b":{},"f":{},"fnMap":{},"statementMap":{"1":{"start":{"line":12,"column":0},"end":{"line":12,"column":36}}},"branchMap":{},"code":["/*","*copyright Ryan Day 2012","*","* Licensed under the MIT license:","*   http://www.opensource.org/licenses/mit-license.php","*","* this is the main server side application file for node-qrcode.","* these exports use serverside canvas api methods for file IO and buffers","*","*/","","module.exports = require('./server')",""],"l":{"12":1}},"/home/travis/build/npmtest/node-npmtest-qrcode/node_modules/qrcode/lib/server.js":{"path":"/home/travis/build/npmtest/node-npmtest-qrcode/node_modules/qrcode/lib/server.js","s":{"1":1,"2":1,"3":1,"4":1,"5":1,"6":1,"7":0,"8":0,"9":0,"10":0,"11":0,"12":0,"13":0,"14":0,"15":1,"16":0,"17":1,"18":0,"19":0,"20":0,"21":0,"22":1,"23":0,"24":0,"25":0,"26":0,"27":1,"28":0,"29":0,"30":0,"31":0,"32":1,"33":1,"34":1,"35":0,"36":0,"37":0,"38":0,"39":0,"40":1,"41":0,"42":0,"43":0,"44":1,"45":0,"46":0,"47":0,"48":0,"49":0,"50":0,"51":0,"52":1,"53":0,"54":0,"55":0,"56":0,"57":0,"58":0,"59":1,"60":1,"61":0,"62":0,"63":0,"64":0,"65":1,"66":1,"67":1},"b":{"1":[0,0],"2":[0,0],"3":[0,0],"4":[0,0,0,0,0,0],"5":[0,0,0,0],"6":[0,0],"7":[0,0],"8":[0,0],"9":[0,0],"10":[0,0],"11":[0,0]},"f":{"1":0,"2":0,"3":0,"4":0,"5":0,"6":0,"7":0,"8":0,"9":0,"10":0,"11":0},"fnMap":{"1":{"name":"checkParams","line":7,"loc":{"start":{"line":7,"column":0},"end":{"line":7,"column":38}}},"2":{"name":"getTypeFromFilename","line":27,"loc":{"start":{"line":27,"column":0},"end":{"line":27,"column":36}}},"3":{"name":"getRendererFromType","line":31,"loc":{"start":{"line":31,"column":0},"end":{"line":31,"column":36}}},"4":{"name":"getStringRendererFromType","line":47,"loc":{"start":{"line":47,"column":0},"end":{"line":47,"column":42}}},"5":{"name":"render","line":61,"loc":{"start":{"line":61,"column":0},"end":{"line":61,"column":43}}},"6":{"name":"toString","line":74,"loc":{"start":{"line":74,"column":19},"end":{"line":74,"column":54}}},"7":{"name":"toDataURL","line":81,"loc":{"start":{"line":81,"column":20},"end":{"line":81,"column":56}}},"8":{"name":"toFile","line":88,"loc":{"start":{"line":88,"column":17},"end":{"line":88,"column":56}}},"9":{"name":"toFileStream","line":101,"loc":{"start":{"line":101,"column":23},"end":{"line":101,"column":66}}},"10":{"name":"(anonymous_10)","line":106,"loc":{"start":{"line":106,"column":45},"end":{"line":106,"column":57}}},"11":{"name":"(anonymous_11)","line":116,"loc":{"start":{"line":116,"column":18},"end":{"line":116,"column":44}}}},"statementMap":{"1":{"start":{"line":1,"column":0},"end":{"line":1,"column":37}},"2":{"start":{"line":2,"column":0},"end":{"line":2,"column":43}},"3":{"start":{"line":3,"column":0},"end":{"line":3,"column":45}},"4":{"start":{"line":4,"column":0},"end":{"line":4,"column":53}},"5":{"start":{"line":5,"column":0},"end":{"line":5,"column":43}},"6":{"start":{"line":7,"column":0},"end":{"line":25,"column":1}},"7":{"start":{"line":8,"column":2},"end":{"line":10,"column":3}},"8":{"start":{"line":9,"column":4},"end":{"line":9,"column":56}},"9":{"start":{"line":12,"column":2},"end":{"line":15,"column":3}},"10":{"start":{"line":13,"column":4},"end":{"line":13,"column":13}},"11":{"start":{"line":14,"column":4},"end":{"line":14,"column":13}},"12":{"start":{"line":17,"column":2},"end":{"line":19,"column":3}},"13":{"start":{"line":18,"column":4},"end":{"line":18,"column":57}},"14":{"start":{"line":21,"column":2},"end":{"line":24,"column":3}},"15":{"start":{"line":27,"column":0},"end":{"line":29,"column":1}},"16":{"start":{"line":28,"column":2},"end":{"line":28,"column":72}},"17":{"start":{"line":31,"column":0},"end":{"line":45,"column":1}},"18":{"start":{"line":32,"column":2},"end":{"line":44,"column":3}},"19":{"start":{"line":34,"column":6},"end":{"line":34,"column":24}},"20":{"start":{"line":38,"column":6},"end":{"line":38,"column":25}},"21":{"start":{"line":43,"column":6},"end":{"line":43,"column":24}},"22":{"start":{"line":47,"column":0},"end":{"line":59,"column":1}},"23":{"start":{"line":48,"column":2},"end":{"line":58,"column":3}},"24":{"start":{"line":50,"column":6},"end":{"line":50,"column":24}},"25":{"start":{"line":53,"column":6},"end":{"line":53,"column":29}},"26":{"start":{"line":57,"column":6},"end":{"line":57,"column":25}},"27":{"start":{"line":61,"column":0},"end":{"line":68,"column":1}},"28":{"start":{"line":62,"column":2},"end":{"line":67,"column":3}},"29":{"start":{"line":63,"column":4},"end":{"line":63,"column":47}},"30":{"start":{"line":64,"column":4},"end":{"line":64,"column":51}},"31":{"start":{"line":66,"column":4},"end":{"line":66,"column":16}},"32":{"start":{"line":70,"column":0},"end":{"line":70,"column":30}},"33":{"start":{"line":72,"column":0},"end":{"line":72,"column":48}},"34":{"start":{"line":74,"column":0},"end":{"line":79,"column":1}},"35":{"start":{"line":75,"column":2},"end":{"line":75,"column":42}},"36":{"start":{"line":76,"column":2},"end":{"line":76,"column":60}},"37":{"start":{"line":77,"column":2},"end":{"line":77,"column":52}},"38":{"start":{"line":78,"column":2},"end":{"line":78,"column":37}},"39":{"start":{"line":78,"column":14},"end":{"line":78,"column":37}},"40":{"start":{"line":81,"column":0},"end":{"line":86,"column":1}},"41":{"start":{"line":82,"column":2},"end":{"line":82,"column":42}},"42":{"start":{"line":83,"column":2},"end":{"line":83,"column":54}},"43":{"start":{"line":85,"column":2},"end":{"line":85,"column":48}},"44":{"start":{"line":88,"column":0},"end":{"line":99,"column":1}},"45":{"start":{"line":89,"column":2},"end":{"line":91,"column":3}},"46":{"start":{"line":90,"column":4},"end":{"line":90,"column":49}},"47":{"start":{"line":93,"column":2},"end":{"line":93,"column":42}},"48":{"start":{"line":94,"column":2},"end":{"line":94,"column":58}},"49":{"start":{"line":95,"column":2},"end":{"line":95,"column":42}},"50":{"start":{"line":96,"column":2},"end":{"line":96,"column":59}},"51":{"start":{"line":98,"column":2},"end":{"line":98,"column":36}},"52":{"start":{"line":101,"column":0},"end":{"line":110,"column":1}},"53":{"start":{"line":102,"column":2},"end":{"line":104,"column":3}},"54":{"start":{"line":103,"column":4},"end":{"line":103,"column":49}},"55":{"start":{"line":106,"column":2},"end":{"line":106,"column":60}},"56":{"start":{"line":107,"column":2},"end":{"line":107,"column":54}},"57":{"start":{"line":108,"column":2},"end":{"line":108,"column":73}},"58":{"start":{"line":109,"column":2},"end":{"line":109,"column":42}},"59":{"start":{"line":115,"column":0},"end":{"line":115,"column":35}},"60":{"start":{"line":116,"column":0},"end":{"line":121,"column":1}},"61":{"start":{"line":117,"column":2},"end":{"line":117,"column":22}},"62":{"start":{"line":117,"column":13},"end":{"line":117,"column":22}},"63":{"start":{"line":118,"column":2},"end":{"line":118,"column":19}},"64":{"start":{"line":120,"column":2},"end":{"line":120,"column":41}},"65":{"start":{"line":123,"column":0},"end":{"line":123,"column":44}},"66":{"start":{"line":124,"column":0},"end":{"line":124,"column":29}},"67":{"start":{"line":125,"column":0},"end":{"line":125,"column":37}}},"branchMap":{"1":{"line":8,"type":"if","locations":[{"start":{"line":8,"column":2},"end":{"line":8,"column":2}},{"start":{"line":8,"column":2},"end":{"line":8,"column":2}}]},"2":{"line":12,"type":"if","locations":[{"start":{"line":12,"column":2},"end":{"line":12,"column":2}},{"start":{"line":12,"column":2},"end":{"line":12,"column":2}}]},"3":{"line":17,"type":"if","locations":[{"start":{"line":17,"column":2},"end":{"line":17,"column":2}},{"start":{"line":17,"column":2},"end":{"line":17,"column":2}}]},"4":{"line":32,"type":"switch","locations":[{"start":{"line":33,"column":4},"end":{"line":34,"column":24}},{"start":{"line":36,"column":4},"end":{"line":36,"column":15}},{"start":{"line":37,"column":4},"end":{"line":38,"column":25}},{"start":{"line":40,"column":4},"end":{"line":40,"column":15}},{"start":{"line":41,"column":4},"end":{"line":41,"column":21}},{"start":{"line":42,"column":4},"end":{"line":43,"column":24}}]},"5":{"line":48,"type":"switch","locations":[{"start":{"line":49,"column":4},"end":{"line":50,"column":24}},{"start":{"line":52,"column":4},"end":{"line":53,"column":29}},{"start":{"line":55,"column":4},"end":{"line":55,"column":16}},{"start":{"line":56,"column":4},"end":{"line":57,"column":25}}]},"6":{"line":78,"type":"if","locations":[{"start":{"line":78,"column":2},"end":{"line":78,"column":2}},{"start":{"line":78,"column":2},"end":{"line":78,"column":2}}]},"7":{"line":89,"type":"if","locations":[{"start":{"line":89,"column":2},"end":{"line":89,"column":2}},{"start":{"line":89,"column":2},"end":{"line":89,"column":2}}]},"8":{"line":94,"type":"binary-expr","locations":[{"start":{"line":94,"column":13},"end":{"line":94,"column":29}},{"start":{"line":94,"column":33},"end":{"line":94,"column":58}}]},"9":{"line":102,"type":"if","locations":[{"start":{"line":102,"column":2},"end":{"line":102,"column":2}},{"start":{"line":102,"column":2},"end":{"line":102,"column":2}}]},"10":{"line":106,"type":"binary-expr","locations":[{"start":{"line":106,"column":33},"end":{"line":106,"column":37}},{"start":{"line":106,"column":41},"end":{"line":106,"column":43}}]},"11":{"line":117,"type":"if","locations":[{"start":{"line":117,"column":2},"end":{"line":117,"column":2}},{"start":{"line":117,"column":2},"end":{"line":117,"column":2}}]}},"code":["var QRCode = require('./core/qrcode')","var PngRenderer = require('./renderer/png')","var Utf8Renderer = require('./renderer/utf8')","var TerminalRenderer = require('./renderer/terminal')","var SvgRenderer = require('./renderer/svg')","","function checkParams (text, opts, cb) {","  if (typeof text === 'undefined') {","    throw new Error('String required as first argument')","  }","","  if (typeof cb === 'undefined') {","    cb = opts","    opts = {}","  }","","  if (typeof cb !== 'function') {","    throw new Error('Callback required as last argument')","  }","","  return {","    opts: opts,","    cb: cb","  }","}","","function getTypeFromFilename (path) {","  return path.slice((path.lastIndexOf('.') - 1 >>> 0) + 2).toLowerCase()","}","","function getRendererFromType (type) {","  switch (type) {","    case 'svg':","      return SvgRenderer","","    case 'txt':","    case 'utf8':","      return Utf8Renderer","","    case 'png':","    case 'image/png':","    default:","      return PngRenderer","  }","}","","function getStringRendererFromType (type) {","  switch (type) {","    case 'svg':","      return SvgRenderer","","    case 'terminal':","      return TerminalRenderer","","    case 'utf8':","    default:","      return Utf8Renderer","  }","}","","function render (renderFunc, text, params) {","  try {","    var data = QRCode.create(text, params.opts)","    return renderFunc(data, params.opts, params.cb)","  } catch (e) {","    params.cb(e)","  }","}","","exports.create = QRCode.create","","exports.toCanvas = require('./browser').toCanvas","","exports.toString = function toString (text, opts, cb) {","  var params = checkParams(text, opts, cb)","  var renderer = getStringRendererFromType(params.opts.type)","  var string = render(renderer.render, text, params)","  if (string) params.cb(null, string)","}","","exports.toDataURL = function toDataURL (text, opts, cb) {","  var params = checkParams(text, opts, cb)","  var renderer = getRendererFromType(params.opts.type)","","  render(renderer.renderToDataURL, text, params)","}","","exports.toFile = function toFile (path, text, opts, cb) {","  if (arguments.length < 3) {","    throw new Error('Too few arguments provided')","  }","","  var params = checkParams(text, opts, cb)","  var type = params.opts.type || getTypeFromFilename(path)","  var renderer = getRendererFromType(type)","  var renderToFile = renderer.renderToFile.bind(null, path)","","  render(renderToFile, text, params)","}","","exports.toFileStream = function toFileStream (stream, text, opts) {","  if (arguments.length < 2) {","    throw new Error('Too few arguments provided')","  }","","  var params = checkParams(text, opts || {}, function () {})","  var renderer = getRendererFromType(params.opts.type)","  var renderToFileStream = renderer.renderToFileStream.bind(null, stream)","  render(renderToFileStream, text, params)","}","","/**"," * Legacy API"," */","exports.drawText = exports.toString","exports.drawSvg = function (text, opts, cb) {","  if (!opts) opts = {}","  opts.type = 'svg'","","  return exports.toString(text, opts, cb)","}","","exports.drawPNGStream = exports.toFileStream","exports.save = exports.toFile","exports.toDataURI = exports.toDataURL",""],"l":{"1":1,"2":1,"3":1,"4":1,"5":1,"7":1,"8":0,"9":0,"12":0,"13":0,"14":0,"17":0,"18":0,"21":0,"27":1,"28":0,"31":1,"32":0,"34":0,"38":0,"43":0,"47":1,"48":0,"50":0,"53":0,"57":0,"61":1,"62":0,"63":0,"64":0,"66":0,"70":1,"72":1,"74":1,"75":0,"76":0,"77":0,"78":0,"81":1,"82":0,"83":0,"85":0,"88":1,"89":0,"90":0,"93":0,"94":0,"95":0,"96":0,"98":0,"101":1,"102":0,"103":0,"106":0,"107":0,"108":0,"109":0,"115":1,"116":1,"117":0,"118":0,"120":0,"123":1,"124":1,"125":1}},"/home/travis/build/npmtest/node-npmtest-qrcode/node_modules/qrcode/lib/core/qrcode.js":{"path":"/home/travis/build/npmtest/node-npmtest-qrcode/node_modules/qrcode/lib/core/qrcode.js","s":{"1":1,"2":1,"3":1,"4":1,"5":1,"6":1,"7":1,"8":1,"9":1,"10":1,"11":1,"12":1,"13":1,"14":1,"15":1,"16":1,"17":0,"18":0,"19":0,"20":0,"21":0,"22":0,"23":0,"24":0,"25":0,"26":0,"27":0,"28":0,"29":0,"30":0,"31":1,"32":0,"33":0,"34":0,"35":0,"36":0,"37":1,"38":0,"39":0,"40":0,"41":0,"42":0,"43":0,"44":0,"45":0,"46":0,"47":1,"48":0,"49":0,"50":0,"51":0,"52":0,"53":0,"54":0,"55":0,"56":0,"57":1,"58":0,"59":0,"60":0,"61":0,"62":0,"63":0,"64":0,"65":0,"66":0,"67":0,"68":0,"69":0,"70":0,"71":0,"72":0,"73":0,"74":1,"75":0,"76":0,"77":0,"78":0,"79":0,"80":0,"81":0,"82":0,"83":0,"84":0,"85":0,"86":0,"87":0,"88":0,"89":0,"90":0,"91":0,"92":0,"93":0,"94":0,"95":0,"96":0,"97":0,"98":0,"99":1,"100":0,"101":0,"102":0,"103":0,"104":0,"105":0,"106":0,"107":0,"108":0,"109":0,"110":0,"111":0,"112":0,"113":0,"114":0,"115":0,"116":1,"117":0,"118":0,"119":0,"120":0,"121":0,"122":0,"123":0,"124":0,"125":0,"126":0,"127":0,"128":0,"129":0,"130":0,"131":0,"132":0,"133":0,"134":0,"135":0,"136":0,"137":0,"138":0,"139":0,"140":0,"141":0,"142":0,"143":0,"144":0,"145":0,"146":0,"147":0,"148":0,"149":0,"150":1,"151":0,"152":0,"153":0,"154":0,"155":0,"156":0,"157":0,"158":0,"159":0,"160":0,"161":0,"162":0,"163":0,"164":0,"165":0,"166":0,"167":0,"168":0,"169":0,"170":0,"171":0,"172":0,"173":0,"174":0,"175":0,"176":0,"177":0,"178":0,"179":0,"180":0,"181":0,"182":1,"183":0,"184":0,"185":0,"186":0,"187":0,"188":0,"189":0,"190":0,"191":0,"192":0},"b":{"1":[0,0],"2":[0,0],"3":[0,0],"4":[0,0],"5":[0,0],"6":[0,0,0,0,0,0,0,0,0,0,0,0],"7":[0,0],"8":[0,0,0,0,0,0],"9":[0,0],"10":[0,0],"11":[0,0],"12":[0,0],"13":[0,0],"14":[0,0],"15":[0,0],"16":[0,0],"17":[0,0],"18":[0,0],"19":[0,0],"20":[0,0],"21":[0,0],"22":[0,0],"23":[0,0],"24":[0,0],"25":[0,0],"26":[0,0],"27":[0,0],"28":[0,0],"29":[0,0],"30":[0,0],"31":[0,0],"32":[0,0],"33":[0,0]},"f":{"1":0,"2":0,"3":0,"4":0,"5":0,"6":0,"7":0,"8":0,"9":0,"10":0,"11":0},"fnMap":{"1":{"name":"setupFinderPattern","line":49,"loc":{"start":{"line":49,"column":0},"end":{"line":49,"column":46}}},"2":{"name":"setupTimingPattern","line":82,"loc":{"start":{"line":82,"column":0},"end":{"line":82,"column":37}}},"3":{"name":"setupAlignmentPattern","line":100,"loc":{"start":{"line":100,"column":0},"end":{"line":100,"column":49}}},"4":{"name":"setupVersionInfo","line":126,"loc":{"start":{"line":126,"column":0},"end":{"line":126,"column":44}}},"5":{"name":"setupFormatInfo","line":148,"loc":{"start":{"line":148,"column":0},"end":{"line":148,"column":69}}},"6":{"name":"setupData","line":185,"loc":{"start":{"line":185,"column":0},"end":{"line":185,"column":34}}},"7":{"name":"createData","line":233,"loc":{"start":{"line":233,"column":0},"end":{"line":233,"column":62}}},"8":{"name":"(anonymous_8)","line":237,"loc":{"start":{"line":237,"column":19},"end":{"line":237,"column":35}}},"9":{"name":"createCodewords","line":298,"loc":{"start":{"line":298,"column":0},"end":{"line":298,"column":68}}},"10":{"name":"createSymbol","line":379,"loc":{"start":{"line":379,"column":0},"end":{"line":379,"column":60}}},"11":{"name":"create","line":475,"loc":{"start":{"line":475,"column":17},"end":{"line":475,"column":49}}}},"statementMap":{"1":{"start":{"line":1,"column":0},"end":{"line":1,"column":39}},"2":{"start":{"line":2,"column":0},"end":{"line":2,"column":30}},"3":{"start":{"line":3,"column":0},"end":{"line":3,"column":49}},"4":{"start":{"line":4,"column":0},"end":{"line":4,"column":39}},"5":{"start":{"line":5,"column":0},"end":{"line":5,"column":39}},"6":{"start":{"line":6,"column":0},"end":{"line":6,"column":53}},"7":{"start":{"line":7,"column":0},"end":{"line":7,"column":47}},"8":{"start":{"line":8,"column":0},"end":{"line":8,"column":43}},"9":{"start":{"line":9,"column":0},"end":{"line":9,"column":47}},"10":{"start":{"line":10,"column":0},"end":{"line":10,"column":58}},"11":{"start":{"line":11,"column":0},"end":{"line":11,"column":34}},"12":{"start":{"line":12,"column":0},"end":{"line":12,"column":41}},"13":{"start":{"line":13,"column":0},"end":{"line":13,"column":28}},"14":{"start":{"line":14,"column":0},"end":{"line":14,"column":36}},"15":{"start":{"line":15,"column":0},"end":{"line":15,"column":32}},"16":{"start":{"line":49,"column":0},"end":{"line":73,"column":1}},"17":{"start":{"line":50,"column":2},"end":{"line":50,"column":24}},"18":{"start":{"line":51,"column":2},"end":{"line":51,"column":47}},"19":{"start":{"line":53,"column":2},"end":{"line":72,"column":3}},"20":{"start":{"line":54,"column":4},"end":{"line":54,"column":23}},"21":{"start":{"line":55,"column":4},"end":{"line":55,"column":23}},"22":{"start":{"line":57,"column":4},"end":{"line":71,"column":5}},"23":{"start":{"line":58,"column":6},"end":{"line":58,"column":52}},"24":{"start":{"line":58,"column":44},"end":{"line":58,"column":52}},"25":{"start":{"line":60,"column":6},"end":{"line":70,"column":7}},"26":{"start":{"line":61,"column":8},"end":{"line":61,"column":54}},"27":{"start":{"line":61,"column":46},"end":{"line":61,"column":54}},"28":{"start":{"line":63,"column":8},"end":{"line":69,"column":9}},"29":{"start":{"line":66,"column":10},"end":{"line":66,"column":50}},"30":{"start":{"line":68,"column":10},"end":{"line":68,"column":51}},"31":{"start":{"line":82,"column":0},"end":{"line":90,"column":1}},"32":{"start":{"line":83,"column":2},"end":{"line":83,"column":24}},"33":{"start":{"line":85,"column":2},"end":{"line":89,"column":3}},"34":{"start":{"line":86,"column":4},"end":{"line":86,"column":27}},"35":{"start":{"line":87,"column":4},"end":{"line":87,"column":33}},"36":{"start":{"line":88,"column":4},"end":{"line":88,"column":33}},"37":{"start":{"line":100,"column":0},"end":{"line":118,"column":1}},"38":{"start":{"line":101,"column":2},"end":{"line":101,"column":50}},"39":{"start":{"line":103,"column":2},"end":{"line":117,"column":3}},"40":{"start":{"line":104,"column":4},"end":{"line":104,"column":23}},"41":{"start":{"line":105,"column":4},"end":{"line":105,"column":23}},"42":{"start":{"line":107,"column":4},"end":{"line":116,"column":5}},"43":{"start":{"line":108,"column":6},"end":{"line":115,"column":7}},"44":{"start":{"line":109,"column":8},"end":{"line":114,"column":9}},"45":{"start":{"line":111,"column":10},"end":{"line":111,"column":50}},"46":{"start":{"line":113,"column":10},"end":{"line":113,"column":51}},"47":{"start":{"line":126,"column":0},"end":{"line":139,"column":1}},"48":{"start":{"line":127,"column":2},"end":{"line":127,"column":24}},"49":{"start":{"line":128,"column":2},"end":{"line":128,"column":44}},"50":{"start":{"line":129,"column":2},"end":{"line":129,"column":19}},"51":{"start":{"line":131,"column":2},"end":{"line":138,"column":3}},"52":{"start":{"line":132,"column":4},"end":{"line":132,"column":27}},"53":{"start":{"line":133,"column":4},"end":{"line":133,"column":30}},"54":{"start":{"line":134,"column":4},"end":{"line":134,"column":33}},"55":{"start":{"line":136,"column":4},"end":{"line":136,"column":35}},"56":{"start":{"line":137,"column":4},"end":{"line":137,"column":35}},"57":{"start":{"line":148,"column":0},"end":{"line":177,"column":1}},"58":{"start":{"line":149,"column":2},"end":{"line":149,"column":24}},"59":{"start":{"line":150,"column":2},"end":{"line":150,"column":73}},"60":{"start":{"line":151,"column":2},"end":{"line":151,"column":12}},"61":{"start":{"line":153,"column":2},"end":{"line":173,"column":3}},"62":{"start":{"line":154,"column":4},"end":{"line":154,"column":33}},"63":{"start":{"line":157,"column":4},"end":{"line":163,"column":5}},"64":{"start":{"line":158,"column":6},"end":{"line":158,"column":33}},"65":{"start":{"line":159,"column":11},"end":{"line":163,"column":5}},"66":{"start":{"line":160,"column":6},"end":{"line":160,"column":37}},"67":{"start":{"line":162,"column":6},"end":{"line":162,"column":45}},"68":{"start":{"line":166,"column":4},"end":{"line":172,"column":5}},"69":{"start":{"line":167,"column":6},"end":{"line":167,"column":44}},"70":{"start":{"line":168,"column":11},"end":{"line":172,"column":5}},"71":{"start":{"line":169,"column":6},"end":{"line":169,"column":46}},"72":{"start":{"line":171,"column":6},"end":{"line":171,"column":42}},"73":{"start":{"line":176,"column":2},"end":{"line":176,"column":34}},"74":{"start":{"line":185,"column":0},"end":{"line":223,"column":1}},"75":{"start":{"line":186,"column":2},"end":{"line":186,"column":24}},"76":{"start":{"line":187,"column":2},"end":{"line":187,"column":14}},"77":{"start":{"line":188,"column":2},"end":{"line":188,"column":20}},"78":{"start":{"line":189,"column":2},"end":{"line":189,"column":18}},"79":{"start":{"line":190,"column":2},"end":{"line":190,"column":19}},"80":{"start":{"line":192,"column":2},"end":{"line":222,"column":3}},"81":{"start":{"line":193,"column":4},"end":{"line":193,"column":24}},"82":{"start":{"line":193,"column":19},"end":{"line":193,"column":24}},"83":{"start":{"line":195,"column":4},"end":{"line":221,"column":5}},"84":{"start":{"line":196,"column":6},"end":{"line":212,"column":7}},"85":{"start":{"line":197,"column":8},"end":{"line":211,"column":9}},"86":{"start":{"line":198,"column":10},"end":{"line":198,"column":26}},"87":{"start":{"line":200,"column":10},"end":{"line":202,"column":11}},"88":{"start":{"line":201,"column":12},"end":{"line":201,"column":63}},"89":{"start":{"line":204,"column":10},"end":{"line":204,"column":40}},"90":{"start":{"line":205,"column":10},"end":{"line":205,"column":20}},"91":{"start":{"line":207,"column":10},"end":{"line":210,"column":11}},"92":{"start":{"line":208,"column":12},"end":{"line":208,"column":23}},"93":{"start":{"line":209,"column":12},"end":{"line":209,"column":24}},"94":{"start":{"line":214,"column":6},"end":{"line":214,"column":16}},"95":{"start":{"line":216,"column":6},"end":{"line":220,"column":7}},"96":{"start":{"line":217,"column":8},"end":{"line":217,"column":18}},"97":{"start":{"line":218,"column":8},"end":{"line":218,"column":18}},"98":{"start":{"line":219,"column":8},"end":{"line":219,"column":13}},"99":{"start":{"line":233,"column":0},"end":{"line":287,"column":1}},"100":{"start":{"line":235,"column":2},"end":{"line":235,"column":30}},"101":{"start":{"line":237,"column":2},"end":{"line":252,"column":4}},"102":{"start":{"line":239,"column":4},"end":{"line":239,"column":32}},"103":{"start":{"line":248,"column":4},"end":{"line":248,"column":80}},"104":{"start":{"line":251,"column":4},"end":{"line":251,"column":22}},"105":{"start":{"line":255,"column":2},"end":{"line":255,"column":61}},"106":{"start":{"line":256,"column":2},"end":{"line":256,"column":85}},"107":{"start":{"line":257,"column":2},"end":{"line":257,"column":70}},"108":{"start":{"line":264,"column":2},"end":{"line":266,"column":3}},"109":{"start":{"line":265,"column":4},"end":{"line":265,"column":20}},"110":{"start":{"line":273,"column":2},"end":{"line":275,"column":3}},"111":{"start":{"line":274,"column":4},"end":{"line":274,"column":20}},"112":{"start":{"line":281,"column":2},"end":{"line":281,"column":77}},"113":{"start":{"line":282,"column":2},"end":{"line":284,"column":3}},"114":{"start":{"line":283,"column":4},"end":{"line":283,"column":38}},"115":{"start":{"line":286,"column":2},"end":{"line":286,"column":63}},"116":{"start":{"line":298,"column":0},"end":{"line":369,"column":1}},"117":{"start":{"line":300,"column":2},"end":{"line":300,"column":61}},"118":{"start":{"line":303,"column":2},"end":{"line":303,"column":85}},"119":{"start":{"line":306,"column":2},"end":{"line":306,"column":60}},"120":{"start":{"line":309,"column":2},"end":{"line":309,"column":74}},"121":{"start":{"line":312,"column":2},"end":{"line":312,"column":53}},"122":{"start":{"line":313,"column":2},"end":{"line":313,"column":53}},"123":{"start":{"line":315,"column":2},"end":{"line":315,"column":73}},"124":{"start":{"line":317,"column":2},"end":{"line":317,"column":76}},"125":{"start":{"line":318,"column":2},"end":{"line":318,"column":55}},"126":{"start":{"line":321,"column":2},"end":{"line":321,"column":62}},"127":{"start":{"line":324,"column":2},"end":{"line":324,"column":42}},"128":{"start":{"line":326,"column":2},"end":{"line":326,"column":16}},"129":{"start":{"line":327,"column":2},"end":{"line":327,"column":39}},"130":{"start":{"line":328,"column":2},"end":{"line":328,"column":39}},"131":{"start":{"line":329,"column":2},"end":{"line":329,"column":21}},"132":{"start":{"line":330,"column":2},"end":{"line":330,"column":43}},"133":{"start":{"line":333,"column":2},"end":{"line":344,"column":3}},"134":{"start":{"line":334,"column":4},"end":{"line":334,"column":85}},"135":{"start":{"line":337,"column":4},"end":{"line":337,"column":55}},"136":{"start":{"line":340,"column":4},"end":{"line":340,"column":36}},"137":{"start":{"line":342,"column":4},"end":{"line":342,"column":22}},"138":{"start":{"line":343,"column":4},"end":{"line":343,"column":49}},"139":{"start":{"line":348,"column":2},"end":{"line":348,"column":39}},"140":{"start":{"line":349,"column":2},"end":{"line":349,"column":15}},"141":{"start":{"line":350,"column":2},"end":{"line":350,"column":10}},"142":{"start":{"line":353,"column":2},"end":{"line":359,"column":3}},"143":{"start":{"line":354,"column":4},"end":{"line":358,"column":5}},"144":{"start":{"line":355,"column":6},"end":{"line":357,"column":7}},"145":{"start":{"line":356,"column":8},"end":{"line":356,"column":36}},"146":{"start":{"line":362,"column":2},"end":{"line":366,"column":3}},"147":{"start":{"line":363,"column":4},"end":{"line":365,"column":5}},"148":{"start":{"line":364,"column":6},"end":{"line":364,"column":34}},"149":{"start":{"line":368,"column":2},"end":{"line":368,"column":13}},"150":{"start":{"line":379,"column":0},"end":{"line":464,"column":1}},"151":{"start":{"line":380,"column":2},"end":{"line":380,"column":14}},"152":{"start":{"line":382,"column":2},"end":{"line":400,"column":3}},"153":{"start":{"line":383,"column":4},"end":{"line":383,"column":39}},"154":{"start":{"line":384,"column":9},"end":{"line":400,"column":3}},"155":{"start":{"line":385,"column":4},"end":{"line":385,"column":34}},"156":{"start":{"line":387,"column":4},"end":{"line":393,"column":5}},"157":{"start":{"line":388,"column":6},"end":{"line":388,"column":47}},"158":{"start":{"line":391,"column":6},"end":{"line":392,"column":29}},"159":{"start":{"line":397,"column":4},"end":{"line":397,"column":58}},"160":{"start":{"line":399,"column":4},"end":{"line":399,"column":35}},"161":{"start":{"line":403,"column":2},"end":{"line":404,"column":27}},"162":{"start":{"line":407,"column":2},"end":{"line":409,"column":3}},"163":{"start":{"line":408,"column":4},"end":{"line":408,"column":78}},"164":{"start":{"line":412,"column":2},"end":{"line":421,"column":3}},"165":{"start":{"line":413,"column":4},"end":{"line":413,"column":25}},"166":{"start":{"line":416,"column":9},"end":{"line":421,"column":3}},"167":{"start":{"line":417,"column":4},"end":{"line":420,"column":5}},"168":{"start":{"line":423,"column":2},"end":{"line":423,"column":68}},"169":{"start":{"line":426,"column":2},"end":{"line":426,"column":48}},"170":{"start":{"line":427,"column":2},"end":{"line":427,"column":42}},"171":{"start":{"line":430,"column":2},"end":{"line":430,"column":38}},"172":{"start":{"line":431,"column":2},"end":{"line":431,"column":29}},"173":{"start":{"line":432,"column":2},"end":{"line":432,"column":41}},"174":{"start":{"line":438,"column":2},"end":{"line":438,"column":51}},"175":{"start":{"line":440,"column":2},"end":{"line":442,"column":3}},"176":{"start":{"line":441,"column":4},"end":{"line":441,"column":38}},"177":{"start":{"line":445,"column":2},"end":{"line":445,"column":30}},"178":{"start":{"line":448,"column":2},"end":{"line":449,"column":62}},"179":{"start":{"line":452,"column":2},"end":{"line":452,"column":45}},"180":{"start":{"line":455,"column":2},"end":{"line":455,"column":61}},"181":{"start":{"line":457,"column":2},"end":{"line":463,"column":3}},"182":{"start":{"line":475,"column":0},"end":{"line":494,"column":1}},"183":{"start":{"line":476,"column":2},"end":{"line":478,"column":3}},"184":{"start":{"line":477,"column":4},"end":{"line":477,"column":36}},"185":{"start":{"line":480,"column":2},"end":{"line":480,"column":38}},"186":{"start":{"line":481,"column":2},"end":{"line":481,"column":13}},"187":{"start":{"line":483,"column":2},"end":{"line":491,"column":3}},"188":{"start":{"line":485,"column":4},"end":{"line":485,"column":80}},"189":{"start":{"line":486,"column":4},"end":{"line":486,"column":43}},"190":{"start":{"line":488,"column":4},"end":{"line":490,"column":5}},"191":{"start":{"line":489,"column":6},"end":{"line":489,"column":49}},"192":{"start":{"line":493,"column":2},"end":{"line":493,"column":58}}},"branchMap":{"1":{"line":
[...]
}]},"76":{"line":324,"type":"if","locations":[{"start":{"line":324,"column":2},"end":{"line":324,"column":2}},{"start":{"line":324,"column":2},"end":{"line":324,"column":2}}]},"77":{"line":325,"type":"if","locations":[{"start":{"line":325,"column":2},"end":{"line":325,"column":2}},{"start":{"line":325,"column":2},"end":{"line":325,"column":2}}]},"78":{"line":325,"type":"binary-expr","locations":[{"start":{"line":325,"column":6},"end":{"line":325,"column":13}},{"start":{"line":325,"column":17},"end":{"line":325,"column":28}}]},"79":{"line":328,"type":"if","locations":[{"start":{"line":328,"column":2},"end":{"line":328,"column":2}},{"start":{"line":328,"column":2},"end":{"line":328,"column":2}}]},"80":{"line":329,"type":"if","locations":[{"start":{"line":329,"column":2},"end":{"line":329,"column":2}},{"start":{"line":329,"column":2},"end":{"line":329,"column":2}}]},"81":{"line":329,"type":"binary-expr","locations":[{"start":{"line":329,"column":6},"end":{"line":329,"column":25}},{"start":{"line":329,"column":29},"end":{"line":329,"column":46}}]},"82":{"line":332,"type":"if","locations":[{"start":{"line":332,"column":2},"end":{"line":332,"column":2}},{"start":{"line":332,"column":2},"end":{"line":332,"column":2}}]},"83":{"line":335,"type":"if","locations":[{"start":{"line":335,"column":2},"end":{"line":335,"column":2}},{"start":{"line":335,"column":2},"end":{"line":335,"column":2}}]},"84":{"line":335,"type":"binary-expr","locations":[{"start":{"line":335,"column":6},"end":{"line":335,"column":15}},{"start":{"line":335,"column":19},"end":{"line":335,"column":39}}]},"85":{"line":336,"type":"if","locations":[{"start":{"line":336,"column":2},"end":{"line":336,"column":2}},{"start":{"line":336,"column":2},"end":{"line":336,"column":2}}]},"86":{"line":339,"type":"if","locations":[{"start":{"line":339,"column":2},"end":{"line":339,"column":2}},{"start":{"line":339,"column":2},"end":{"line":339,"column":2}}]},"87":{"line":340,"type":"if","locations":[{"start":{"line":340,"column":2},"end":{"line":340,"column":2}},{"start":{"line":340,"column":2},"end":{"line":340,"column":2}}]},"88":{"line":347,"type":"if","locations":[{"start":{"line":347,"column":2},"end":{"line":347,"column":2}},{"start":{"line":347,"column":2},"end":{"line":347,"column":2}}]},"89":{"line":347,"type":"binary-expr","locations":[{"start":{"line":347,"column":6},"end":{"line":347,"column":21}},{"start":{"line":347,"column":25},"end":{"line":347,"column":44}},{"start":{"line":347,"column":48},"end":{"line":347,"column":65}}]},"90":{"line":352,"type":"if","locations":[{"start":{"line":352,"column":9},"end":{"line":352,"column":9}},{"start":{"line":352,"column":9},"end":{"line":352,"column":9}}]},"91":{"line":370,"type":"if","locations":[{"start":{"line":370,"column":2},"end":{"line":370,"column":2}},{"start":{"line":370,"column":2},"end":{"line":370,"column":2}}]},"92":{"line":371,"type":"if","locations":[{"start":{"line":371,"column":4},"end":{"line":371,"column":4}},{"start":{"line":371,"column":4},"end":{"line":371,"column":4}}]},"93":{"line":374,"type":"if","locations":[{"start":{"line":374,"column":11},"end":{"line":374,"column":11}},{"start":{"line":374,"column":11},"end":{"line":374,"column":11}}]},"94":{"line":377,"type":"if","locations":[{"start":{"line":377,"column":4},"end":{"line":377,"column":4}},{"start":{"line":377,"column":4},"end":{"line":377,"column":4}}]},"95":{"line":379,"type":"if","locations":[{"start":{"line":379,"column":6},"end":{"line":379,"column":6}},{"start":{"line":379,"column":6},"end":{"line":379,"column":6}}]},"96":{"line":383,"type":"if","locations":[{"start":{"line":383,"column":9},"end":{"line":383,"column":9}},{"start":{"line":383,"column":9},"end":{"line":383,"column":9}}]},"97":{"line":388,"type":"if","locations":[{"start":{"line":388,"column":2},"end":{"line":388,"column":2}},{"start":{"line":388,"column":2},"end":{"line":388,"column":2}}]},"98":{"line":388,"type":"binary-expr","locations":[{"start":{"line":388,"column":6},"end":{"line":388,"column":15}},{"start":{"line":388,"column":19},"end":{"line":388,"column":38}},{"start":{"line":388,"column":42},"end":{"line":388,"column":59}}]},"99":{"line":392,"type":"if","locations":[{"start":{"line":392,"column":2},"end":{"line":392,"column":2}},{"start":{"line":392,"column":2},"end":{"line":392,"column":2}}]},"100":{"line":397,"type":"cond-expr","locations":[{"start":{"line":397,"column":28},"end":{"line":397,"column":39}},{"start":{"line":397,"column":42},"end":{"line":397,"column":51}}]},"101":{"line":399,"type":"if","locations":[{"start":{"line":399,"column":2},"end":{"line":399,"column":2}},{"start":{"line":399,"column":2},"end":{"line":399,"column":2}}]},"102":{"line":402,"type":"if","locations":[{"start":{"line":402,"column":2},"end":{"line":402,"column":2}},{"start":{"line":402,"column":2},"end":{"line":402,"column":2}}]},"103":{"line":407,"type":"cond-expr","locations":[{"start":{"line":408,"column":8},"end":{"line":408,"column":11}},{"start":{"line":409,"column":8},"end":{"line":409,"column":23}}]},"104":{"line":420,"type":"if","locations":[{"start":{"line":420,"column":2},"end":{"line":420,"column":2}},{"start":{"line":420,"column":2},"end":{"line":420,"column":2}}]},"105":{"line":424,"type":"if","locations":[{"start":{"line":424,"column":2},"end":{"line":424,"column":2}},{"start":{"line":424,"column":2},"end":{"line":424,"column":2}}]},"106":{"line":429,"type":"if","locations":[{"start":{"line":429,"column":2},"end":{"line":429,"column":2}},{"start":{"line":429,"column":2},"end":{"line":429,"column":2}}]},"107":{"line":440,"type":"if","locations":[{"start":{"line":440,"column":4},"end":{"line":440,"column":4}},{"start":{"line":440,"column":4},"end":{"line":440,"column":4}}]},"108":{"line":453,"type":"binary-expr","locations":[{"start":{"line":453,"column":12},"end":{"line":453,"column":21}},{"start":{"line":453,"column":25},"end":{"line":453,"column":36}}]}},"code":["/**"," * Implementation of a subset of node.js Buffer methods for the browser."," * Based on https://github.com/feross/buffer"," */","","/* eslint-disable no-proto */","","'use strict'","","var isArray = require('isarray')","","var K_MAX_LENGTH = 0x7fffffff","","function Buffer (arg, offset, length) {","  if (typeof arg === 'number') {","    return allocUnsafe(arg)","  }","","  return from(arg, offset, length)","}","","Buffer.prototype.__proto__ = Uint8Array.prototype","Buffer.__proto__ = Uint8Array","","// Fix subarray() in ES2016. See: https://github.com/feross/buffer/pull/97","if (typeof Symbol !== 'undefined' && Symbol.species &&","    Buffer[Symbol.species] === Buffer) {","  Object.defineProperty(Buffer, Symbol.species, {","    value: null,","    configurable: true,","    enumerable: false,","    writable: false","  })","}","","function checked (length) {","  // Note: cannot use `length < K_MAX_LENGTH` here because that fails when","  // length is NaN (which is otherwise coerced to zero.)","  if (length >= K_MAX_LENGTH) {","    throw new RangeError('Attempt to allocate Buffer larger than maximum ' +","                         'size: 0x' + K_MAX_LENGTH.toString(16) + ' bytes')","  }","  return length | 0","}","","function isnan (val) {","  return val !== val // eslint-disable-line no-self-compare","}","","function createBuffer (length) {","  var buf = new Uint8Array(length)","  buf.__proto__ = Buffer.prototype","  return buf","}","","function allocUnsafe (size) {","  return createBuffer(size < 0 ? 0 : checked(size) | 0)","}","","function fromString (string) {","  var length = byteLength(string) | 0","  var buf = createBuffer(length)","","  var actual = buf.write(string)","","  if (actual !== length) {","    // Writing a hex string, for example, that contains invalid characters will","    // cause everything after the first invalid character to be ignored. (e.g.","    // 'abxxcd' will be treated as 'ab')","    buf = buf.slice(0, actual)","  }","","  return buf","}","","function fromArrayLike (array) {","  var length = array.length < 0 ? 0 : checked(array.length) | 0","  var buf = createBuffer(length)","  for (var i = 0; i < length; i += 1) {","    buf[i] = array[i] & 255","  }","  return buf","}","","function fromArrayBuffer (array, byteOffset, length) {","  if (byteOffset < 0 || array.byteLength < byteOffset) {","    throw new RangeError('\\'offset\\' is out of bounds')","  }","","  if (array.byteLength < byteOffset + (length || 0)) {","    throw new RangeError('\\'length\\' is out of bounds')","  }","","  var buf","  if (byteOffset === undefined && length === undefined) {","    buf = new Uint8Array(array)","  } else if (length === undefined) {","    buf = new Uint8Array(array, byteOffset)","  } else {","    buf = new Uint8Array(array, byteOffset, length)","  }","","  // Return an augmented `Uint8Array` instance","  buf.__proto__ = Buffer.prototype","  return buf","}","","function fromObject (obj) {","  if (Buffer.isBuffer(obj)) {","    var len = checked(obj.length) | 0","    var buf = createBuffer(len)","","    if (buf.length === 0) {","      return buf","    }","","    obj.copy(buf, 0, 0, len)","    return buf","  }","","  if (obj) {","    if ((typeof ArrayBuffer !== 'undefined' &&","        obj.buffer instanceof ArrayBuffer) || 'length' in obj) {","      if (typeof obj.length !== 'number' || isnan(obj.length)) {","        return createBuffer(0)","      }","      return fromArrayLike(obj)","    }","","    if (obj.type === 'Buffer' && Array.isArray(obj.data)) {","      return fromArrayLike(obj.data)","    }","  }","","  throw new TypeError('First argument must be a string, Buffer, ArrayBuffer, Array, or array-like object.')","}","","function utf8ToBytes (string, units) {","  units = units || Infinity","  var codePoint","  var length = string.length","  var leadSurrogate = null","  var bytes = []","","  for (var i = 0; i < length; ++i) {","    codePoint = string.charCodeAt(i)","","    // is surrogate component","    if (codePoint > 0xD7FF && codePoint < 0xE000) {","      // last char was a lead","      if (!leadSurrogate) {","        // no lead yet","        if (codePoint > 0xDBFF) {","          // unexpected trail","          if ((units -= 3) > -1) bytes.push(0xEF, 0xBF, 0xBD)","          continue","        } else if (i + 1 === length) {","          // unpaired lead","          if ((units -= 3) > -1) bytes.push(0xEF, 0xBF, 0xBD)","          continue","        }","","        // valid lead","        leadSurrogate = codePoint","","        continue","      }","","      // 2 leads in a row","      if (codePoint < 0xDC00) {","        if ((units -= 3) > -1) bytes.push(0xEF, 0xBF, 0xBD)","        leadSurrogate = codePoint","        continue","      }","","      // valid surrogate pair","      codePoint = (leadSurrogate - 0xD800 << 10 | codePoint - 0xDC00) + 0x10000","    } else if (leadSurrogate) {","      // valid bmp char, but last char was a lead","      if ((units -= 3) > -1) bytes.push(0xEF, 0xBF, 0xBD)","    }","","    leadSurrogate = null","","    // encode utf8","    if (codePoint < 0x80) {","      if ((units -= 1) < 0) break","      bytes.push(codePoint)","    } else if (codePoint < 0x800) {","      if ((units -= 2) < 0) break","      bytes.push(","        codePoint >> 0x6 | 0xC0,","        codePoint & 0x3F | 0x80","      )","    } else if (codePoint < 0x10000) {","      if ((units -= 3) < 0) break","      bytes.push(","        codePoint >> 0xC | 0xE0,","        codePoint >> 0x6 & 0x3F | 0x80,","        codePoint & 0x3F | 0x80","      )","    } else if (codePoint < 0x110000) {","      if ((units -= 4) < 0) break","      bytes.push(","        codePoint >> 0x12 | 0xF0,","        codePoint >> 0xC & 0x3F | 0x80,","        codePoint >> 0x6 & 0x3F | 0x80,","        codePoint & 0x3F | 0x80","      )","    } else {","      throw new Error('Invalid code point')","    }","  }","","  return bytes","}","","function byteLength (string) {","  if (Buffer.isBuffer(string)) {","    return string.length","  }","  if (typeof ArrayBuffer !== 'undefined' && typeof ArrayBuffer.isView === 'function' &&","      (ArrayBuffer.isView(string) || string instanceof ArrayBuffer)) {","    return string.byteLength","  }","  if (typeof string !== 'string') {","    string = '' + string","  }","","  var len = string.length","  if (len === 0) return 0","","  return utf8ToBytes(string).length","}","","function blitBuffer (src, dst, offset, length) {","  for (var i = 0; i < length; ++i) {","    if ((i + offset >= dst.length) || (i >= src.length)) break","    dst[i + offset] = src[i]","  }","  return i","}","","function utf8Write (buf, string, offset, length) {","  return blitBuffer(utf8ToBytes(string, buf.length - offset), buf, offset, length)","}","","function from (value, offset, length) {","  if (typeof value === 'number') {","    throw new TypeError('\"value\" argument must not be a number')","  }","","  if (typeof ArrayBuffer !== 'undefined' && value instanceof ArrayBuffer) {","    return fromArrayBuffer(value, offset, length)","  }","","  if (typeof value === 'string') {","    return fromString(value, offset)","  }","","  return fromObject(value)","}","","Buffer.prototype.write = function write (string, offset, length) {","  // Buffer#write(string)","  if (offset === undefined) {","    length = this.length","    offset = 0","  // Buffer#write(string, encoding)","  } else if (length === undefined && typeof offset === 'string') {","    length = this.length","    offset = 0","  // Buffer#write(string, offset[, length])","  } else if (isFinite(offset)) {","    offset = offset | 0","    if (isFinite(length)) {","      length = length | 0","    } else {","      length = undefined","    }","  }","","  var remaining = this.length - offset","  if (length === undefined || length > remaining) length = remaining","","  if ((string.length > 0 && (length < 0 || offset < 0)) || offset > this.length) {","    throw new RangeError('Attempt to write outside buffer bounds')","  }","","  return utf8Write(this, string, offset, length)","}","","Buffer.prototype.slice = function slice (start, end) {","  var len = this.length","  start = ~~start","  end = end === undefined ? len : ~~end","","  if (start < 0) {","    start += len","    if (start < 0) start = 0","  } else if (start > len) {","    start = len","  }","","  if (end < 0) {","    end += len","    if (end < 0) end = 0","  } else if (end > len) {","    end = len","  }","","  if (end < start) end = start","","  var newBuf = this.subarray(start, end)","  // Return an augmented `Uint8Array` instance","  newBuf.__proto__ = Buffer.prototype","  return newBuf","}","","Buffer.prototype.copy = function copy (target, targetStart, start, end) {","  if (!start) start = 0","  if (!end && end !== 0) end = this.length","  if (targetStart >= target.length) targetStart = target.length","  if (!targetStart) targetStart = 0","  if (end > 0 && end < start) end = start","","  // Copy 0 bytes; we're done","  if (end === start) return 0","  if (target.length === 0 || this.length === 0) return 0","","  // Fatal error conditions","  if (targetStart < 0) {","    throw new RangeError('targetStart out of bounds')","  }","  if (start < 0 || start >= this.length) throw new RangeError('sourceStart out of bounds')","  if (end < 0) throw new RangeError('sourceEnd out of bounds')","","  // Are we oob?","  if (end > this.length) end = this.length","  if (target.length - targetStart < end - start) {","    end = target.length - targetStart + start","  }","","  var len = end - start","  var i","","  if (this === target && start < targetStart && targetStart < end) {","    // descending copy from end","    for (i = len - 1; i >= 0; --i) {","      target[i + targetStart] = this[i + start]","    }","  } else if (len < 1000) {","    // ascending copy from start","    for (i = 0; i < len; ++i) {","      target[i + targetStart] = this[i + start]","    }","  } else {","    Uint8Array.prototype.set.call(","      target,","      this.subarray(start, start + len),","      targetStart","    )","  }","","  return len","}","","Buffer.prototype.fill = function fill (val, start, end) {","  // Handle string cases:","  if (typeof val === 'string') {","    if (typeof start === 'string') {","      start = 0","      end = this.length","    } else if (typeof end === 'string') {","      end = this.length","    }","    if (val.length === 1) {","      var code = val.charCodeAt(0)","      if (code < 256) {","        val = code","      }","    }","  } else if (typeof val === 'number') {","    val = val & 255","  }","","  // Invalid ranges are not set to a default, so can range check early.","  if (start < 0 || this.length < start || this.length < end) {","    throw new RangeError('Out of range index')","  }","","  if (end <= start) {","    return this","  }","","  start = start >>> 0","  end = end === undefined ? this.length : end >>> 0","","  if (!val) val = 0","","  var i","  if (typeof val === 'number') {","    for (i = start; i < end; ++i) {","      this[i] = val","    }","  } else {","    var bytes = Buffer.isBuffer(val)","      ? val","      : new Buffer(val)","    var len = bytes.length","    for (i = 0; i < end - start; ++i) {","      this[i + start] = bytes[i % len]","    }","  }","","  return this","}","","Buffer.concat = function concat (list, length) {","  if (!isArray(list)) {","    throw new TypeError('\"list\" argument must be an Array of Buffers')","  }","","  if (list.length === 0) {","    return createBuffer(null, 0)","  }","","  var i","  if (length === undefined) {","    length = 0","    for (i = 0; i < list.length; ++i) {","      length += list[i].length","    }","  }","","  var buffer = allocUnsafe(length)","  var pos = 0","  for (i = 0; i < list.length; ++i) {","    var buf = list[i]","    if (!Buffer.isBuffer(buf)) {","      throw new TypeError('\"list\" argument must be an Array of Buffers')","    }","    buf.copy(buffer, pos)","    pos += buf.length","  }","  return buffer","}","","Buffer.byteLength = byteLength","","Buffer.prototype._isBuffer = true","Buffer.isBuffer = function isBuffer (b) {","  return !!(b != null && b._isBuffer)","}","","module.exports = Buffer",""],"l":{"10":1,"12":1,"14":1,"15":0,"16":0,"19":0,"22":1,"23":1,"26":1,"28":1,"36":1,"39":0,"40":0,"43":0,"46":1,"47":0,"50":1,"51":0,"52":0,"53":0,"56":1,"57":0,"60":1,"61":0,"62":0,"64":0,"66":0,"70":0,"73":0,"76":1,"77":0,"78":0,"79":0,"80":0,"82":0,"85":1,"86":0,"87":0,"90":0,"91":0,"94":0,"95":0,"96":0,"97":0,"98":0,"100":0,"104":0,"105":0,"108":1,"109":0,"110":0,"111":0,"113":0,"114":0,"117":0,"118":0,"121":0,"122":0,"124":0,"125":0,"127":0,"130":0,"131":0,"135":0,"138":1,"139":0,"140":0,"141":0,"142":0,"143":0,"145":0,"146":0,"149":0,"151":0,"153":0,"155":0,"156":0,"157":0,"159":0,"160":0,"164":0,"166":0,"170":0,"171":0,"172":0,"173":0,"177":0,"178":0,"180":0,"183":0,"186":0,"187":0,"188":0,"189":0,"190":0,"191":0,"195":0,"196":0,"197":0,"202":0,"203":0,"204":0,"211":0,"215":0,"218":1,"219":0,"220":0,"222":0,"224":0,"226":0,"227":0,"230":0,"231":0,"233":0,"236":1,"237":0,"238":0,"239":0,"241":0,"244":1,"245":0,"248":1,"249":0,"250":0,"253":0,"254":0,"257":0,"258":0,"261":0,"264":1,"266":0,"267":0,"268":0,"270":0,"271":0,"272":0,"274":0,"275":0,"276":0,"277":0,"279":0,"283":0,"284":0,"286":0,"287":0,"290":0,"293":1,"294":0,"295":0,"296":0,"298":0,"299":0,"300":0,"301":0,"302":0,"305":0,"306":0,"307":0,"308":0,"309":0,"312":0,"314":0,"316":0,"317":0,"320":1,"321":0,"322":0,"323":0,"324":0,"325":0,"328":0,"329":0,"332":0,"333":0,"335":0,"336":0,"339":0,"340":0,"341":0,"344":0,"345":0,"347":0,"349":0,"350":0,"352":0,"354":0,"355":0,"358":0,"365":0,"368":1,"370":0,"371":0,"372":0,"373":0,"374":0,"375":0,"377":0,"378":0,"379":0,"380":0,"383":0,"384":0,"388":0,"389":0,"392":0,"393":0,"396":0,"397":0,"399":0,"401":0,"402":0,"403":0,"404":0,"407":0,"410":0,"411":0,"412":0,"416":0,"419":1,"420":0,"421":0,"424":0,"425":0,"428":0,"429":0,"430":0,"431":0,"432":0,"436":0,"437":0,"438":0,"439":0,"440":0,"441":0,"443":0,"444":0,"446":0,"449":1,"451":1,"452":1,"453":0,"456":1}}}